{"/Users/achaladias/Documents/Uni/sse/Nodejs-Authentication/config/mailer.js": {"path":"/Users/achaladias/Documents/Uni/sse/Nodejs-Authentication/config/mailer.js","statementMap":{"0":{"start":{"line":4,"column":15},"end":{"line":15,"column":1}},"1":{"start":{"line":5,"column":4},"end":{"line":14,"column":7}},"2":{"start":{"line":17,"column":17},"end":{"line":35,"column":1}},"3":{"start":{"line":18,"column":24},"end":{"line":18,"column":38}},"4":{"start":{"line":19,"column":24},"end":{"line":24,"column":5}},"5":{"start":{"line":26,"column":4},"end":{"line":34,"column":5}},"6":{"start":{"line":27,"column":8},"end":{"line":27,"column":48}},"7":{"start":{"line":28,"column":8},"end":{"line":28,"column":47}},"8":{"start":{"line":30,"column":8},"end":{"line":30,"column":57}},"9":{"start":{"line":33,"column":8},"end":{"line":33,"column":28}},"10":{"start":{"line":37,"column":16},"end":{"line":55,"column":1}},"11":{"start":{"line":38,"column":24},"end":{"line":38,"column":38}},"12":{"start":{"line":39,"column":24},"end":{"line":44,"column":5}},"13":{"start":{"line":46,"column":4},"end":{"line":54,"column":5}},"14":{"start":{"line":47,"column":8},"end":{"line":47,"column":48}},"15":{"start":{"line":48,"column":8},"end":{"line":48,"column":47}},"16":{"start":{"line":50,"column":8},"end":{"line":50,"column":57}},"17":{"start":{"line":53,"column":8},"end":{"line":53,"column":28}},"18":{"start":{"line":57,"column":23},"end":{"line":75,"column":1}},"19":{"start":{"line":58,"column":24},"end":{"line":58,"column":38}},"20":{"start":{"line":59,"column":24},"end":{"line":64,"column":5}},"21":{"start":{"line":66,"column":4},"end":{"line":74,"column":5}},"22":{"start":{"line":67,"column":8},"end":{"line":67,"column":48}},"23":{"start":{"line":68,"column":8},"end":{"line":68,"column":47}},"24":{"start":{"line":70,"column":8},"end":{"line":70,"column":57}},"25":{"start":{"line":73,"column":8},"end":{"line":73,"column":28}},"26":{"start":{"line":81,"column":22},"end":{"line":155,"column":1}},"27":{"start":{"line":158,"column":27},"end":{"line":228,"column":1}},"28":{"start":{"line":158,"column":36},"end":{"line":228,"column":1}},"29":{"start":{"line":231,"column":32},"end":{"line":311,"column":1}},"30":{"start":{"line":231,"column":47},"end":{"line":311,"column":1}}},"fnMap":{"0":{"name":"(anonymous_0)","decl":{"start":{"line":4,"column":15},"end":{"line":4,"column":16}},"loc":{"start":{"line":4,"column":27},"end":{"line":15,"column":1}},"line":4},"1":{"name":"(anonymous_1)","decl":{"start":{"line":17,"column":17},"end":{"line":17,"column":18}},"loc":{"start":{"line":17,"column":45},"end":{"line":35,"column":1}},"line":17},"2":{"name":"(anonymous_2)","decl":{"start":{"line":37,"column":16},"end":{"line":37,"column":17}},"loc":{"start":{"line":37,"column":38},"end":{"line":55,"column":1}},"line":37},"3":{"name":"(anonymous_3)","decl":{"start":{"line":57,"column":23},"end":{"line":57,"column":24}},"loc":{"start":{"line":57,"column":40},"end":{"line":75,"column":1}},"line":57},"4":{"name":"(anonymous_4)","decl":{"start":{"line":158,"column":27},"end":{"line":158,"column":28}},"loc":{"start":{"line":158,"column":36},"end":{"line":228,"column":1}},"line":158},"5":{"name":"(anonymous_5)","decl":{"start":{"line":231,"column":32},"end":{"line":231,"column":33}},"loc":{"start":{"line":231,"column":47},"end":{"line":311,"column":1}},"line":231}},"branchMap":{},"s":{"0":3,"1":0,"2":3,"3":0,"4":0,"5":0,"6":0,"7":0,"8":0,"9":0,"10":3,"11":0,"12":0,"13":0,"14":0,"15":0,"16":0,"17":0,"18":3,"19":0,"20":0,"21":0,"22":0,"23":0,"24":0,"25":0,"26":3,"27":3,"28":0,"29":3,"30":0},"f":{"0":0,"1":0,"2":0,"3":0,"4":0,"5":0},"b":{},"_coverageSchema":"1a1c01bbd47fc00a2c39e90264f33305004495a9","hash":"56c6cb043566b9308db58a4a3061353d93c4e35c"}
,"/Users/achaladias/Documents/Uni/sse/Nodejs-Authentication/src/applicationSchema.js": {"path":"/Users/achaladias/Documents/Uni/sse/Nodejs-Authentication/src/applicationSchema.js","statementMap":{"0":{"start":{"line":3,"column":26},"end":{"line":11,"column":2}}},"fnMap":{},"branchMap":{},"s":{"0":3},"f":{},"b":{},"_coverageSchema":"1a1c01bbd47fc00a2c39e90264f33305004495a9","hash":"6bbc63f18586a6bddbb7604564ae0b04545c37f7"}
,"/Users/achaladias/Documents/Uni/sse/Nodejs-Authentication/src/auditSchema.js": {"path":"/Users/achaladias/Documents/Uni/sse/Nodejs-Authentication/src/auditSchema.js","statementMap":{"0":{"start":{"line":3,"column":24},"end":{"line":7,"column":2}}},"fnMap":{},"branchMap":{},"s":{"0":7},"f":{},"b":{},"_coverageSchema":"1a1c01bbd47fc00a2c39e90264f33305004495a9","hash":"c32973f49dbd644f17342256b544864ac1a79b93"}
,"/Users/achaladias/Documents/Uni/sse/Nodejs-Authentication/src/covidSchema.js": {"path":"/Users/achaladias/Documents/Uni/sse/Nodejs-Authentication/src/covidSchema.js","statementMap":{"0":{"start":{"line":3,"column":20},"end":{"line":7,"column":2}}},"fnMap":{},"branchMap":{},"s":{"0":1},"f":{},"b":{},"_coverageSchema":"1a1c01bbd47fc00a2c39e90264f33305004495a9","hash":"e307d39f0da2310d606d4759fffae4e4804378ec"}
,"/Users/achaladias/Documents/Uni/sse/Nodejs-Authentication/src/jobSchema.js": {"path":"/Users/achaladias/Documents/Uni/sse/Nodejs-Authentication/src/jobSchema.js","statementMap":{"0":{"start":{"line":3,"column":18},"end":{"line":50,"column":2}},"1":{"start":{"line":52,"column":12},"end":{"line":52,"column":44}}},"fnMap":{},"branchMap":{},"s":{"0":4,"1":4},"f":{},"b":{},"_coverageSchema":"1a1c01bbd47fc00a2c39e90264f33305004495a9","hash":"a5457f3c90932711783147604b9d715a0d589eb7"}
,"/Users/achaladias/Documents/Uni/sse/Nodejs-Authentication/src/timesheetSchema.js": {"path":"/Users/achaladias/Documents/Uni/sse/Nodejs-Authentication/src/timesheetSchema.js","statementMap":{"0":{"start":{"line":3,"column":24},"end":{"line":11,"column":2}}},"fnMap":{},"branchMap":{},"s":{"0":3},"f":{},"b":{},"_coverageSchema":"1a1c01bbd47fc00a2c39e90264f33305004495a9","hash":"e6d47e930fd5aa09bed2b7a94f057b6281b1dda2"}
,"/Users/achaladias/Documents/Uni/sse/Nodejs-Authentication/src/userSchema.js": {"path":"/Users/achaladias/Documents/Uni/sse/Nodejs-Authentication/src/userSchema.js","statementMap":{"0":{"start":{"line":4,"column":19},"end":{"line":51,"column":25}},"1":{"start":{"line":54,"column":0},"end":{"line":66,"column":3}},"2":{"start":{"line":55,"column":4},"end":{"line":65,"column":5}},"3":{"start":{"line":56,"column":21},"end":{"line":56,"column":25}},"4":{"start":{"line":57,"column":8},"end":{"line":59,"column":9}},"5":{"start":{"line":58,"column":12},"end":{"line":58,"column":26}},"6":{"start":{"line":60,"column":31},"end":{"line":60,"column":67}},"7":{"start":{"line":61,"column":8},"end":{"line":61,"column":39}},"8":{"start":{"line":62,"column":8},"end":{"line":62,"column":15}},"9":{"start":{"line":64,"column":8},"end":{"line":64,"column":27}},"10":{"start":{"line":68,"column":13},"end":{"line":68,"column":47}}},"fnMap":{"0":{"name":"(anonymous_0)","decl":{"start":{"line":54,"column":23},"end":{"line":54,"column":24}},"loc":{"start":{"line":54,"column":45},"end":{"line":66,"column":1}},"line":54}},"branchMap":{"0":{"loc":{"start":{"line":57,"column":8},"end":{"line":59,"column":9}},"type":"if","locations":[{"start":{"line":57,"column":8},"end":{"line":59,"column":9}},{"start":{},"end":{}}],"line":57}},"s":{"0":7,"1":7,"2":0,"3":0,"4":0,"5":0,"6":0,"7":0,"8":0,"9":0,"10":7},"f":{"0":0},"b":{"0":[0,0]},"_coverageSchema":"1a1c01bbd47fc00a2c39e90264f33305004495a9","hash":"7c3ca65be8444fceed910d5c34790414d09488fb"}
,"/Users/achaladias/Documents/Uni/sse/Nodejs-Authentication/src/controllers/applicationController.js": {"path":"/Users/achaladias/Documents/Uni/sse/Nodejs-Authentication/src/controllers/applicationController.js","statementMap":{"0":{"start":{"line":7,"column":18},"end":{"line":7,"column":38}},"1":{"start":{"line":12,"column":15},"end":{"line":29,"column":5}},"2":{"start":{"line":13,"column":8},"end":{"line":28,"column":9}},"3":{"start":{"line":14,"column":26},"end":{"line":14,"column":39}},"4":{"start":{"line":15,"column":32},"end":{"line":15,"column":40}},"5":{"start":{"line":16,"column":27},"end":{"line":16,"column":39}},"6":{"start":{"line":18,"column":26},"end":{"line":22,"column":14}},"7":{"start":{"line":23,"column":12},"end":{"line":23,"column":78}},"8":{"start":{"line":24,"column":12},"end":{"line":24,"column":31}},"9":{"start":{"line":25,"column":12},"end":{"line":25,"column":41}},"10":{"start":{"line":27,"column":12},"end":{"line":27,"column":94}},"11":{"start":{"line":31,"column":26},"end":{"line":99,"column":5}},"12":{"start":{"line":32,"column":8},"end":{"line":98,"column":9}},"13":{"start":{"line":34,"column":27},"end":{"line":34,"column":39}},"14":{"start":{"line":35,"column":41},"end":{"line":94,"column":14}},"15":{"start":{"line":95,"column":12},"end":{"line":95,"column":97}},"16":{"start":{"line":97,"column":12},"end":{"line":97,"column":92}},"17":{"start":{"line":101,"column":23},"end":{"line":129,"column":5}},"18":{"start":{"line":102,"column":8},"end":{"line":128,"column":9}},"19":{"start":{"line":103,"column":26},"end":{"line":103,"column":39}},"20":{"start":{"line":106,"column":24},"end":{"line":106,"column":57}},"21":{"start":{"line":107,"column":12},"end":{"line":107,"column":96}},"22":{"start":{"line":107,"column":22},"end":{"line":107,"column":96}},"23":{"start":{"line":110,"column":33},"end":{"line":111,"column":55}},"24":{"start":{"line":113,"column":47},"end":{"line":124,"column":13}},"25":{"start":{"line":115,"column":39},"end":{"line":117,"column":80}},"26":{"start":{"line":119,"column":20},"end":{"line":122,"column":22}},"27":{"start":{"line":125,"column":12},"end":{"line":125,"column":106}},"28":{"start":{"line":127,"column":12},"end":{"line":127,"column":94}},"29":{"start":{"line":132,"column":18},"end":{"line":143,"column":5}},"30":{"start":{"line":133,"column":8},"end":{"line":142,"column":9}},"31":{"start":{"line":134,"column":34},"end":{"line":134,"column":58}},"32":{"start":{"line":137,"column":24},"end":{"line":137,"column":102}},"33":{"start":{"line":138,"column":12},"end":{"line":138,"column":88}},"34":{"start":{"line":139,"column":12},"end":{"line":139,"column":59}},"35":{"start":{"line":141,"column":12},"end":{"line":141,"column":94}},"36":{"start":{"line":145,"column":15},"end":{"line":167,"column":5}},"37":{"start":{"line":146,"column":8},"end":{"line":166,"column":9}},"38":{"start":{"line":147,"column":61},"end":{"line":147,"column":69}},"39":{"start":{"line":150,"column":25},"end":{"line":150,"column":60}},"40":{"start":{"line":151,"column":12},"end":{"line":153,"column":13}},"41":{"start":{"line":152,"column":16},"end":{"line":152,"column":91}},"42":{"start":{"line":156,"column":12},"end":{"line":156,"column":105}},"43":{"start":{"line":157,"column":12},"end":{"line":157,"column":52}},"44":{"start":{"line":159,"column":12},"end":{"line":159,"column":30}},"45":{"start":{"line":160,"column":12},"end":{"line":160,"column":82}},"46":{"start":{"line":161,"column":12},"end":{"line":161,"column":98}},"47":{"start":{"line":162,"column":12},"end":{"line":162,"column":55}},"48":{"start":{"line":164,"column":12},"end":{"line":164,"column":33}},"49":{"start":{"line":165,"column":12},"end":{"line":165,"column":89}}},"fnMap":{"0":{"name":"(anonymous_0)","decl":{"start":{"line":12,"column":15},"end":{"line":12,"column":16}},"loc":{"start":{"line":12,"column":35},"end":{"line":29,"column":5}},"line":12},"1":{"name":"(anonymous_1)","decl":{"start":{"line":31,"column":26},"end":{"line":31,"column":27}},"loc":{"start":{"line":31,"column":46},"end":{"line":99,"column":5}},"line":31},"2":{"name":"(anonymous_2)","decl":{"start":{"line":101,"column":23},"end":{"line":101,"column":24}},"loc":{"start":{"line":101,"column":43},"end":{"line":129,"column":5}},"line":101},"3":{"name":"(anonymous_3)","decl":{"start":{"line":114,"column":33},"end":{"line":114,"column":34}},"loc":{"start":{"line":114,"column":56},"end":{"line":123,"column":17}},"line":114},"4":{"name":"(anonymous_4)","decl":{"start":{"line":132,"column":18},"end":{"line":132,"column":19}},"loc":{"start":{"line":132,"column":38},"end":{"line":143,"column":5}},"line":132},"5":{"name":"(anonymous_5)","decl":{"start":{"line":145,"column":15},"end":{"line":145,"column":16}},"loc":{"start":{"line":145,"column":35},"end":{"line":167,"column":5}},"line":145}},"branchMap":{"0":{"loc":{"start":{"line":107,"column":12},"end":{"line":107,"column":96}},"type":"if","locations":[{"start":{"line":107,"column":12},"end":{"line":107,"column":96}},{"start":{},"end":{}}],"line":107},"1":{"loc":{"start":{"line":151,"column":12},"end":{"line":153,"column":13}},"type":"if","locations":[{"start":{"line":151,"column":12},"end":{"line":153,"column":13}},{"start":{},"end":{}}],"line":151}},"s":{"0":1,"1":1,"2":2,"3":2,"4":2,"5":2,"6":2,"7":2,"8":2,"9":2,"10":0,"11":1,"12":2,"13":2,"14":2,"15":1,"16":1,"17":1,"18":2,"19":2,"20":2,"21":2,"22":1,"23":1,"24":1,"25":1,"26":1,"27":1,"28":0,"29":1,"30":2,"31":2,"32":2,"33":1,"34":1,"35":1,"36":1,"37":2,"38":2,"39":2,"40":2,"41":1,"42":1,"43":1,"44":1,"45":1,"46":1,"47":1,"48":0,"49":0},"f":{"0":2,"1":2,"2":2,"3":1,"4":2,"5":2},"b":{"0":[1,1],"1":[1,1]},"_coverageSchema":"1a1c01bbd47fc00a2c39e90264f33305004495a9","hash":"a54cfa19c63a5de29a3c3c1c6d7723318dd599fd"}
,"/Users/achaladias/Documents/Uni/sse/Nodejs-Authentication/src/controllers/auditLogsController.js": {"path":"/Users/achaladias/Documents/Uni/sse/Nodejs-Authentication/src/controllers/auditLogsController.js","statementMap":{"0":{"start":{"line":3,"column":19},"end":{"line":3,"column":39}},"1":{"start":{"line":6,"column":11},"end":{"line":13,"column":5}},"2":{"start":{"line":7,"column":8},"end":{"line":12,"column":9}},"3":{"start":{"line":8,"column":25},"end":{"line":8,"column":48}},"4":{"start":{"line":9,"column":12},"end":{"line":9,"column":81}},"5":{"start":{"line":11,"column":12},"end":{"line":11,"column":81}},"6":{"start":{"line":15,"column":13},"end":{"line":23,"column":5}},"7":{"start":{"line":16,"column":8},"end":{"line":22,"column":9}},"8":{"start":{"line":17,"column":26},"end":{"line":17,"column":43}},"9":{"start":{"line":18,"column":25},"end":{"line":18,"column":55}},"10":{"start":{"line":19,"column":12},"end":{"line":19,"column":77}},"11":{"start":{"line":21,"column":12},"end":{"line":21,"column":81}}},"fnMap":{"0":{"name":"(anonymous_0)","decl":{"start":{"line":6,"column":11},"end":{"line":6,"column":12}},"loc":{"start":{"line":6,"column":31},"end":{"line":13,"column":5}},"line":6},"1":{"name":"(anonymous_1)","decl":{"start":{"line":15,"column":13},"end":{"line":15,"column":14}},"loc":{"start":{"line":15,"column":33},"end":{"line":23,"column":5}},"line":15}},"branchMap":{"0":{"loc":{"start":{"line":17,"column":26},"end":{"line":17,"column":43}},"type":"binary-expr","locations":[{"start":{"line":17,"column":26},"end":{"line":17,"column":37}},{"start":{"line":17,"column":41},"end":{"line":17,"column":43}}],"line":17}},"s":{"0":1,"1":1,"2":2,"3":2,"4":1,"5":1,"6":1,"7":2,"8":2,"9":2,"10":1,"11":1},"f":{"0":2,"1":2},"b":{"0":[2,0]},"_coverageSchema":"1a1c01bbd47fc00a2c39e90264f33305004495a9","hash":"a2695b90eb47cca644d5061b182e84bb29abf342"}
,"/Users/achaladias/Documents/Uni/sse/Nodejs-Authentication/src/controllers/authController.js": {"path":"/Users/achaladias/Documents/Uni/sse/Nodejs-Authentication/src/controllers/authController.js","statementMap":{"0":{"start":{"line":8,"column":18},"end":{"line":8,"column":38}},"1":{"start":{"line":9,"column":18},"end":{"line":9,"column":33}},"2":{"start":{"line":12,"column":15},"end":{"line":21,"column":5}},"3":{"start":{"line":13,"column":46},"end":{"line":13,"column":54}},"4":{"start":{"line":14,"column":8},"end":{"line":20,"column":9}},"5":{"start":{"line":15,"column":12},"end":{"line":15,"column":59}},"6":{"start":{"line":16,"column":12},"end":{"line":16,"column":40}},"7":{"start":{"line":19,"column":12},"end":{"line":19,"column":31}},"8":{"start":{"line":22,"column":12},"end":{"line":38,"column":5}},"9":{"start":{"line":23,"column":36},"end":{"line":23,"column":44}},"10":{"start":{"line":24,"column":8},"end":{"line":37,"column":9}},"11":{"start":{"line":25,"column":25},"end":{"line":25,"column":54}},"12":{"start":{"line":26,"column":12},"end":{"line":28,"column":13}},"13":{"start":{"line":27,"column":16},"end":{"line":27,"column":83}},"14":{"start":{"line":29,"column":32},"end":{"line":29,"column":77}},"15":{"start":{"line":30,"column":12},"end":{"line":32,"column":13}},"16":{"start":{"line":31,"column":16},"end":{"line":31,"column":83}},"17":{"start":{"line":33,"column":12},"end":{"line":33,"column":77}},"18":{"start":{"line":34,"column":12},"end":{"line":34,"column":61}},"19":{"start":{"line":36,"column":12},"end":{"line":36,"column":31}},"20":{"start":{"line":40,"column":16},"end":{"line":51,"column":5}},"21":{"start":{"line":41,"column":32},"end":{"line":41,"column":40}},"22":{"start":{"line":42,"column":8},"end":{"line":50,"column":9}},"23":{"start":{"line":43,"column":25},"end":{"line":43,"column":63}},"24":{"start":{"line":44,"column":12},"end":{"line":46,"column":13}},"25":{"start":{"line":45,"column":16},"end":{"line":45,"column":93}},"26":{"start":{"line":47,"column":12},"end":{"line":47,"column":62}},"27":{"start":{"line":49,"column":12},"end":{"line":49,"column":31}},"28":{"start":{"line":54,"column":13},"end":{"line":66,"column":5}},"29":{"start":{"line":55,"column":8},"end":{"line":65,"column":9}},"30":{"start":{"line":56,"column":12},"end":{"line":62,"column":15}},"31":{"start":{"line":57,"column":16},"end":{"line":59,"column":17}},"32":{"start":{"line":58,"column":20},"end":{"line":58,"column":37}},"33":{"start":{"line":60,"column":16},"end":{"line":60,"column":34}},"34":{"start":{"line":61,"column":16},"end":{"line":61,"column":51}},"35":{"start":{"line":64,"column":12},"end":{"line":64,"column":31}},"36":{"start":{"line":68,"column":22},"end":{"line":90,"column":5}},"37":{"start":{"line":69,"column":22},"end":{"line":69,"column":36}},"38":{"start":{"line":70,"column":8},"end":{"line":89,"column":9}},"39":{"start":{"line":71,"column":25},"end":{"line":71,"column":54}},"40":{"start":{"line":72,"column":12},"end":{"line":75,"column":13}},"41":{"start":{"line":74,"column":16},"end":{"line":74,"column":82}},"42":{"start":{"line":77,"column":26},"end":{"line":77,"column":64}},"43":{"start":{"line":78,"column":12},"end":{"line":78,"column":44}},"44":{"start":{"line":79,"column":12},"end":{"line":79,"column":60}},"45":{"start":{"line":80,"column":12},"end":{"line":80,"column":30}},"46":{"start":{"line":82,"column":30},"end":{"line":82,"column":82}},"47":{"start":{"line":84,"column":12},"end":{"line":84,"column":48}},"48":{"start":{"line":86,"column":12},"end":{"line":86,"column":139}},"49":{"start":{"line":88,"column":12},"end":{"line":88,"column":95}},"50":{"start":{"line":92,"column":18},"end":{"line":101,"column":5}},"51":{"start":{"line":93,"column":46},"end":{"line":93,"column":54}},"52":{"start":{"line":94,"column":8},"end":{"line":100,"column":9}},"53":{"start":{"line":95,"column":12},"end":{"line":95,"column":65}},"54":{"start":{"line":97,"column":12},"end":{"line":97,"column":47}},"55":{"start":{"line":99,"column":12},"end":{"line":99,"column":31}}},"fnMap":{"0":{"name":"(anonymous_0)","decl":{"start":{"line":12,"column":15},"end":{"line":12,"column":16}},"loc":{"start":{"line":12,"column":35},"end":{"line":21,"column":5}},"line":12},"1":{"name":"(anonymous_1)","decl":{"start":{"line":22,"column":12},"end":{"line":22,"column":13}},"loc":{"start":{"line":22,"column":32},"end":{"line":38,"column":5}},"line":22},"2":{"name":"(anonymous_2)","decl":{"start":{"line":40,"column":16},"end":{"line":40,"column":17}},"loc":{"start":{"line":40,"column":36},"end":{"line":51,"column":5}},"line":40},"3":{"name":"(anonymous_3)","decl":{"start":{"line":54,"column":13},"end":{"line":54,"column":14}},"loc":{"start":{"line":54,"column":33},"end":{"line":66,"column":5}},"line":54},"4":{"name":"(anonymous_4)","decl":{"start":{"line":56,"column":23},"end":{"line":56,"column":24}},"loc":{"start":{"line":56,"column":32},"end":{"line":62,"column":13}},"line":56},"5":{"name":"(anonymous_5)","decl":{"start":{"line":68,"column":22},"end":{"line":68,"column":23}},"loc":{"start":{"line":68,"column":42},"end":{"line":90,"column":5}},"line":68},"6":{"name":"(anonymous_6)","decl":{"start":{"line":92,"column":18},"end":{"line":92,"column":19}},"loc":{"start":{"line":92,"column":38},"end":{"line":101,"column":5}},"line":92}},"branchMap":{"0":{"loc":{"start":{"line":26,"column":12},"end":{"line":28,"column":13}},"type":"if","locations":[{"start":{"line":26,"column":12},"end":{"line":28,"column":13}},{"start":{},"end":{}}],"line":26},"1":{"loc":{"start":{"line":30,"column":12},"end":{"line":32,"column":13}},"type":"if","locations":[{"start":{"line":30,"column":12},"end":{"line":32,"column":13}},{"start":{},"end":{}}],"line":30},"2":{"loc":{"start":{"line":44,"column":12},"end":{"line":46,"column":13}},"type":"if","locations":[{"start":{"line":44,"column":12},"end":{"line":46,"column":13}},{"start":{},"end":{}}],"line":44},"3":{"loc":{"start":{"line":57,"column":16},"end":{"line":59,"column":17}},"type":"if","locations":[{"start":{"line":57,"column":16},"end":{"line":59,"column":17}},{"start":{},"end":{}}],"line":57},"4":{"loc":{"start":{"line":72,"column":12},"end":{"line":75,"column":13}},"type":"if","locations":[{"start":{"line":72,"column":12},"end":{"line":75,"column":13}},{"start":{},"end":{}}],"line":72}},"s":{"0":1,"1":1,"2":1,"3":1,"4":1,"5":1,"6":1,"7":0,"8":1,"9":2,"10":2,"11":2,"12":2,"13":2,"14":0,"15":0,"16":0,"17":0,"18":0,"19":0,"20":1,"21":2,"22":2,"23":2,"24":2,"25":1,"26":1,"27":0,"28":1,"29":1,"30":1,"31":1,"32":0,"33":1,"34":1,"35":0,"36":1,"37":2,"38":2,"39":2,"40":2,"41":1,"42":1,"43":1,"44":1,"45":1,"46":1,"47":1,"48":1,"49":0,"50":1,"51":1,"52":1,"53":1,"54":1,"55":0},"f":{"0":1,"1":2,"2":2,"3":1,"4":1,"5":2,"6":1},"b":{"0":[2,0],"1":[0,0],"2":[1,1],"3":[0,1],"4":[1,1]},"_coverageSchema":"1a1c01bbd47fc00a2c39e90264f33305004495a9","hash":"c67f5ed6dd8e227b56d38eb29c3db05f3d4e9536"}
,"/Users/achaladias/Documents/Uni/sse/Nodejs-Authentication/src/controllers/covidController.js": {"path":"/Users/achaladias/Documents/Uni/sse/Nodejs-Authentication/src/controllers/covidController.js","statementMap":{"0":{"start":{"line":8,"column":18},"end":{"line":8,"column":38}},"1":{"start":{"line":10,"column":22},"end":{"line":10,"column":125}},"2":{"start":{"line":13,"column":11},"end":{"line":20,"column":5}},"3":{"start":{"line":14,"column":8},"end":{"line":19,"column":9}},"4":{"start":{"line":15,"column":34},"end":{"line":15,"column":76}},"5":{"start":{"line":16,"column":12},"end":{"line":16,"column":89}},"6":{"start":{"line":18,"column":12},"end":{"line":18,"column":81}},"7":{"start":{"line":22,"column":22},"end":{"line":73,"column":5}},"8":{"start":{"line":23,"column":8},"end":{"line":72,"column":9}},"9":{"start":{"line":24,"column":42},"end":{"line":24,"column":50}},"10":{"start":{"line":25,"column":27},"end":{"line":25,"column":39}},"11":{"start":{"line":28,"column":12},"end":{"line":28,"column":109}},"12":{"start":{"line":32,"column":30},"end":{"line":32,"column":57}},"13":{"start":{"line":33,"column":28},"end":{"line":33,"column":55}},"14":{"start":{"line":34,"column":12},"end":{"line":34,"column":52}},"15":{"start":{"line":36,"column":31},"end":{"line":43,"column":23}},"16":{"start":{"line":46,"column":12},"end":{"line":65,"column":13}},"17":{"start":{"line":47,"column":32},"end":{"line":47,"column":86}},"18":{"start":{"line":47,"column":67},"end":{"line":47,"column":83}},"19":{"start":{"line":50,"column":30},"end":{"line":50,"column":93}},"20":{"start":{"line":53,"column":16},"end":{"line":61,"column":19}},"21":{"start":{"line":54,"column":20},"end":{"line":60,"column":21}},"22":{"start":{"line":55,"column":38},"end":{"line":58,"column":26}},"23":{"start":{"line":59,"column":24},"end":{"line":59,"column":42}},"24":{"start":{"line":64,"column":16},"end":{"line":64,"column":73}},"25":{"start":{"line":64,"column":36},"end":{"line":64,"column":71}},"26":{"start":{"line":67,"column":12},"end":{"line":67,"column":58}},"27":{"start":{"line":69,"column":12},"end":{"line":69,"column":47}},"28":{"start":{"line":71,"column":12},"end":{"line":71,"column":81}}},"fnMap":{"0":{"name":"(anonymous_0)","decl":{"start":{"line":13,"column":11},"end":{"line":13,"column":12}},"loc":{"start":{"line":13,"column":31},"end":{"line":20,"column":5}},"line":13},"1":{"name":"(anonymous_1)","decl":{"start":{"line":22,"column":22},"end":{"line":22,"column":23}},"loc":{"start":{"line":22,"column":42},"end":{"line":73,"column":5}},"line":22},"2":{"name":"(anonymous_2)","decl":{"start":{"line":47,"column":59},"end":{"line":47,"column":60}},"loc":{"start":{"line":47,"column":67},"end":{"line":47,"column":83}},"line":47},"3":{"name":"(anonymous_3)","decl":{"start":{"line":53,"column":26},"end":{"line":53,"column":27}},"loc":{"start":{"line":53,"column":42},"end":{"line":61,"column":17}},"line":53},"4":{"name":"(anonymous_4)","decl":{"start":{"line":64,"column":26},"end":{"line":64,"column":27}},"loc":{"start":{"line":64,"column":36},"end":{"line":64,"column":71}},"line":64}},"branchMap":{"0":{"loc":{"start":{"line":46,"column":12},"end":{"line":65,"column":13}},"type":"if","locations":[{"start":{"line":46,"column":12},"end":{"line":65,"column":13}},{"start":{},"end":{}}],"line":46},"1":{"loc":{"start":{"line":54,"column":20},"end":{"line":60,"column":21}},"type":"if","locations":[{"start":{"line":54,"column":20},"end":{"line":60,"column":21}},{"start":{},"end":{}}],"line":54}},"s":{"0":1,"1":1,"2":1,"3":2,"4":2,"5":1,"6":1,"7":1,"8":1,"9":1,"10":1,"11":1,"12":0,"13":0,"14":0,"15":0,"16":0,"17":0,"18":0,"19":0,"20":0,"21":0,"22":0,"23":0,"24":0,"25":0,"26":0,"27":0,"28":1},"f":{"0":2,"1":1,"2":0,"3":0,"4":0},"b":{"0":[0,0],"1":[0,0]},"_coverageSchema":"1a1c01bbd47fc00a2c39e90264f33305004495a9","hash":"9e9dc6dcfc9f5c20ffbb36e276bb66335a5f14c1"}
,"/Users/achaladias/Documents/Uni/sse/Nodejs-Authentication/src/controllers/jobController.js": {"path":"/Users/achaladias/Documents/Uni/sse/Nodejs-Authentication/src/controllers/jobController.js","statementMap":{"0":{"start":{"line":6,"column":18},"end":{"line":6,"column":38}},"1":{"start":{"line":9,"column":20},"end":{"line":17,"column":5}},"2":{"start":{"line":10,"column":19},"end":{"line":10,"column":32}},"3":{"start":{"line":11,"column":8},"end":{"line":16,"column":9}},"4":{"start":{"line":12,"column":25},"end":{"line":12,"column":48}},"5":{"start":{"line":13,"column":12},"end":{"line":13,"column":129}},"6":{"start":{"line":15,"column":12},"end":{"line":15,"column":31}},"7":{"start":{"line":20,"column":16},"end":{"line":59,"column":5}},"8":{"start":{"line":21,"column":8},"end":{"line":58,"column":9}},"9":{"start":{"line":23,"column":101},"end":{"line":23,"column":109}},"10":{"start":{"line":25,"column":12},"end":{"line":29,"column":15}},"11":{"start":{"line":26,"column":16},"end":{"line":28,"column":17}},"12":{"start":{"line":27,"column":20},"end":{"line":27,"column":98}},"13":{"start":{"line":32,"column":30},"end":{"line":32,"column":82}},"14":{"start":{"line":32,"column":54},"end":{"line":32,"column":81}},"15":{"start":{"line":35,"column":30},"end":{"line":35,"column":70}},"16":{"start":{"line":35,"column":59},"end":{"line":35,"column":69}},"17":{"start":{"line":38,"column":24},"end":{"line":49,"column":14}},"18":{"start":{"line":52,"column":12},"end":{"line":52,"column":29}},"19":{"start":{"line":53,"column":12},"end":{"line":53,"column":79}},"20":{"start":{"line":54,"column":12},"end":{"line":54,"column":72}},"21":{"start":{"line":56,"column":12},"end":{"line":56,"column":33}},"22":{"start":{"line":57,"column":12},"end":{"line":57,"column":68}},"23":{"start":{"line":62,"column":18},"end":{"line":81,"column":5}},"24":{"start":{"line":63,"column":8},"end":{"line":80,"column":9}},"25":{"start":{"line":64,"column":26},"end":{"line":64,"column":43}},"26":{"start":{"line":65,"column":27},"end":{"line":65,"column":39}},"27":{"start":{"line":66,"column":32},"end":{"line":66,"column":84}},"28":{"start":{"line":67,"column":25},"end":{"line":74,"column":38}},"29":{"start":{"line":76,"column":12},"end":{"line":76,"column":76}},"30":{"start":{"line":78,"column":12},"end":{"line":78,"column":33}},"31":{"start":{"line":79,"column":12},"end":{"line":79,"column":49}},"32":{"start":{"line":83,"column":16},"end":{"line":100,"column":5}},"33":{"start":{"line":84,"column":8},"end":{"line":99,"column":9}},"34":{"start":{"line":85,"column":26},"end":{"line":85,"column":43}},"35":{"start":{"line":86,"column":30},"end":{"line":86,"column":43}},"36":{"start":{"line":87,"column":25},"end":{"line":93,"column":38}},"37":{"start":{"line":95,"column":12},"end":{"line":95,"column":76}},"38":{"start":{"line":97,"column":12},"end":{"line":97,"column":33}},"39":{"start":{"line":98,"column":12},"end":{"line":98,"column":49}},"40":{"start":{"line":102,"column":16},"end":{"line":122,"column":5}},"41":{"start":{"line":103,"column":8},"end":{"line":121,"column":9}},"42":{"start":{"line":104,"column":24},"end":{"line":104,"column":65}},"43":{"start":{"line":107,"column":12},"end":{"line":109,"column":13}},"44":{"start":{"line":108,"column":16},"end":{"line":108,"column":74}},"45":{"start":{"line":111,"column":12},"end":{"line":113,"column":13}},"46":{"start":{"line":112,"column":16},"end":{"line":112,"column":102}},"47":{"start":{"line":115,"column":12},"end":{"line":115,"column":34}},"48":{"start":{"line":116,"column":12},"end":{"line":116,"column":79}},"49":{"start":{"line":117,"column":12},"end":{"line":117,"column":41}},"50":{"start":{"line":119,"column":12},"end":{"line":119,"column":33}},"51":{"start":{"line":120,"column":12},"end":{"line":120,"column":62}},"52":{"start":{"line":124,"column":13},"end":{"line":158,"column":5}},"53":{"start":{"line":125,"column":8},"end":{"line":157,"column":9}},"54":{"start":{"line":126,"column":26},"end":{"line":126,"column":45}},"55":{"start":{"line":127,"column":27},"end":{"line":127,"column":39}},"56":{"start":{"line":128,"column":23},"end":{"line":128,"column":25}},"57":{"start":{"line":129,"column":12},"end":{"line":143,"column":13}},"58":{"start":{"line":130,"column":16},"end":{"line":140,"column":43}},"59":{"start":{"line":142,"column":16},"end":{"line":142,"column":82}},"60":{"start":{"line":146,"column":46},"end":{"line":152,"column":11}},"61":{"start":{"line":147,"column":41},"end":{"line":147,"column":93}},"62":{"start":{"line":148,"column":16},"end":{"line":151,"column":14}},"63":{"start":{"line":153,"column":8},"end":{"line":153,"column":97}},"64":{"start":{"line":155,"column":12},"end":{"line":155,"column":33}},"65":{"start":{"line":156,"column":12},"end":{"line":156,"column":62}},"66":{"start":{"line":160,"column":14},"end":{"line":175,"column":5}},"67":{"start":{"line":161,"column":8},"end":{"line":174,"column":9}},"68":{"start":{"line":162,"column":26},"end":{"line":162,"column":39}},"69":{"start":{"line":165,"column":24},"end":{"line":165,"column":49}},"70":{"start":{"line":170,"column":12},"end":{"line":170,"column":67}},"71":{"start":{"line":172,"column":12},"end":{"line":172,"column":33}},"72":{"start":{"line":173,"column":12},"end":{"line":173,"column":49}},"73":{"start":{"line":177,"column":15},"end":{"line":195,"column":5}},"74":{"start":{"line":178,"column":8},"end":{"line":194,"column":9}},"75":{"start":{"line":179,"column":26},"end":{"line":179,"column":39}},"76":{"start":{"line":180,"column":32},"end":{"line":180,"column":40}},"77":{"start":{"line":181,"column":27},"end":{"line":181,"column":39}},"78":{"start":{"line":183,"column":26},"end":{"line":187,"column":14}},"79":{"start":{"line":189,"column":12},"end":{"line":189,"column":31}},"80":{"start":{"line":190,"column":12},"end":{"line":190,"column":35}},"81":{"start":{"line":192,"column":12},"end":{"line":192,"column":33}},"82":{"start":{"line":193,"column":12},"end":{"line":193,"column":34}},"83":{"start":{"line":197,"column":26},"end":{"line":215,"column":5}},"84":{"start":{"line":198,"column":8},"end":{"line":214,"column":9}},"85":{"start":{"line":199,"column":26},"end":{"line":199,"column":39}},"86":{"start":{"line":200,"column":32},"end":{"line":200,"column":40}},"87":{"start":{"line":201,"column":27},"end":{"line":201,"column":39}},"88":{"start":{"line":203,"column":26},"end":{"line":207,"column":14}},"89":{"start":{"line":209,"column":12},"end":{"line":209,"column":31}},"90":{"start":{"line":210,"column":12},"end":{"line":210,"column":35}},"91":{"start":{"line":212,"column":12},"end":{"line":212,"column":33}},"92":{"start":{"line":213,"column":12},"end":{"line":213,"column":65}}},"fnMap":{"0":{"name":"(anonymous_0)","decl":{"start":{"line":9,"column":20},"end":{"line":9,"column":21}},"loc":{"start":{"line":9,"column":40},"end":{"line":17,"column":5}},"line":9},"1":{"name":"(anonymous_1)","decl":{"start":{"line":20,"column":16},"end":{"line":20,"column":17}},"loc":{"start":{"line":20,"column":36},"end":{"line":59,"column":5}},"line":20},"2":{"name":"(anonymous_2)","decl":{"start":{"line":25,"column":30},"end":{"line":25,"column":31}},"loc":{"start":{"line":25,"column":40},"end":{"line":29,"column":13}},"line":25},"3":{"name":"(anonymous_3)","decl":{"start":{"line":32,"column":44},"end":{"line":32,"column":45}},"loc":{"start":{"line":32,"column":54},"end":{"line":32,"column":81}},"line":32},"4":{"name":"(anonymous_4)","decl":{"start":{"line":35,"column":50},"end":{"line":35,"column":51}},"loc":{"start":{"line":35,"column":59},"end":{"line":35,"column":69}},"line":35},"5":{"name":"(anonymous_5)","decl":{"start":{"line":62,"column":18},"end":{"line":62,"column":19}},"loc":{"start":{"line":62,"column":38},"end":{"line":81,"column":5}},"line":62},"6":{"name":"(anonymous_6)","decl":{"start":{"line":83,"column":16},"end":{"line":83,"column":17}},"loc":{"start":{"line":83,"column":36},"end":{"line":100,"column":5}},"line":83},"7":{"name":"(anonymous_7)","decl":{"start":{"line":102,"column":16},"end":{"line":102,"column":17}},"loc":{"start":{"line":102,"column":36},"end":{"line":122,"column":5}},"line":102},"8":{"name":"(anonymous_8)","decl":{"start":{"line":124,"column":13},"end":{"line":124,"column":14}},"loc":{"start":{"line":124,"column":33},"end":{"line":158,"column":5}},"line":124},"9":{"name":"(anonymous_9)","decl":{"start":{"line":146,"column":73},"end":{"line":146,"column":74}},"loc":{"start":{"line":146,"column":88},"end":{"line":152,"column":9}},"line":146},"10":{"name":"(anonymous_10)","decl":{"start":{"line":160,"column":14},"end":{"line":160,"column":15}},"loc":{"start":{"line":160,"column":34},"end":{"line":175,"column":5}},"line":160},"11":{"name":"(anonymous_11)","decl":{"start":{"line":177,"column":15},"end":{"line":177,"column":16}},"loc":{"start":{"line":177,"column":35},"end":{"line":195,"column":5}},"line":177},"12":{"name":"(anonymous_12)","decl":{"start":{"line":197,"column":26},"end":{"line":197,"column":27}},"loc":{"start":{"line":197,"column":46},"end":{"line":215,"column":5}},"line":197}},"branchMap":{"0":{"loc":{"start":{"line":26,"column":16},"end":{"line":28,"column":17}},"type":"if","locations":[{"start":{"line":26,"column":16},"end":{"line":28,"column":17}},{"start":{},"end":{}}],"line":26},"1":{"loc":{"start":{"line":26,"column":20},"end":{"line":26,"column":83}},"type":"binary-expr","locations":[{"start":{"line":26,"column":20},"end":{"line":26,"column":49}},{"start":{"line":26,"column":53},"end":{"line":26,"column":83}}],"line":26},"2":{"loc":{"start":{"line":64,"column":26},"end":{"line":64,"column":43}},"type":"binary-expr","locations":[{"start":{"line":64,"column":26},"end":{"line":64,"column":37}},{"start":{"line":64,"column":41},"end":{"line":64,"column":43}}],"line":64},"3":{"loc":{"start":{"line":85,"column":26},"end":{"line":85,"column":43}},"type":"binary-expr","locations":[{"start":{"line":85,"column":26},"end":{"line":85,"column":37}},{"start":{"line":85,"column":41},"end":{"line":85,"column":43}}],"line":85},"4":{"loc":{"start":{"line":91,"column":24},"end":{"line":91,"column":58}},"type":"cond-expr","locations":[{"start":{"line":91,"column":36},"end":{"line":91,"column":53}},{"start":{"line":91,"column":56},"end":{"line":91,"column":58}}],"line":91},"5":{"loc":{"start":{"line":107,"column":12},"end":{"line":109,"column":13}},"type":"if","locations":[{"start":{"line":107,"column":12},"end":{"line":109,"column":13}},{"start":{},"end":{}}],"line":107},"6":{"loc":{"start":{"line":111,"column":12},"end":{"line":113,"column":13}},"type":"if","locations":[{"start":{"line":111,"column":12},"end":{"line":113,"column":13}},{"start":{},"end":{}}],"line":111},"7":{"loc":{"start":{"line":126,"column":26},"end":{"line":126,"column":45}},"type":"binary-expr","locations":[{"start":{"line":126,"column":26},"end":{"line":126,"column":37}},{"start":{"line":126,"column":41},"end":{"line":126,"column":45}}],"line":126},"8":{"loc":{"start":{"line":129,"column":12},"end":{"line":143,"column":13}},"type":"if","locations":[{"start":{"line":129,"column":12},"end":{"line":143,"column":13}},{"start":{"line":141,"column":19},"end":{"line":143,"column":13}}],"line":129}},"s":{"0":1,"1":1,"2":1,"3":1,"4":1,"5":1,"6":0,"7":1,"8":2,"9":2,"10":2,"11":2,"12":1,"13":2,"14":2,"15":2,"16":4,"17":2,"18":2,"19":2,"20":2,"21":0,"22":0,"23":1,"24":1,"25":1,"26":1,"27":1,"28":1,"29":1,"30":0,"31":0,"32":1,"33":0,"34":0,"35":0,"36":0,"37":0,"38":0,"39":0,"40":1,"41":3,"42":3,"43":3,"44":1,"45":2,"46":1,"47":1,"48":1,"49":1,"50":0,"51":0,"52":1,"53":1,"54":1,"55":1,"56":1,"57":1,"58":0,"59":1,"60":1,"61":2,"62":2,"63":1,"64":0,"65":0,"66":1,"67":0,"68":0,"69":0,"70":0,"71":0,"72":0,"73":1,"74":1,"75":1,"76":1,"77":1,"78":1,"79":1,"80":1,"81":0,"82":0,"83":1,"84":0,"85":0,"86":0,"87":0,"88":0,"89":0,"90":0,"91":0,"92":0},"f":{"0":1,"1":2,"2":2,"3":2,"4":4,"5":1,"6":0,"7":3,"8":1,"9":2,"10":0,"11":1,"12":0},"b":{"0":[1,1],"1":[2,2],"2":[1,0],"3":[0,0],"4":[0,0],"5":[1,2],"6":[1,1],"7":[1,1],"8":[0,1]},"_coverageSchema":"1a1c01bbd47fc00a2c39e90264f33305004495a9","hash":"bdf2393deb7d36c9b39ff4d865742e55bbb5647a"}
,"/Users/achaladias/Documents/Uni/sse/Nodejs-Authentication/src/controllers/timesheetController.js": {"path":"/Users/achaladias/Documents/Uni/sse/Nodejs-Authentication/src/controllers/timesheetController.js","statementMap":{"0":{"start":{"line":9,"column":18},"end":{"line":9,"column":38}},"1":{"start":{"line":10,"column":18},"end":{"line":10,"column":33}},"2":{"start":{"line":13,"column":14},"end":{"line":32,"column":5}},"3":{"start":{"line":14,"column":8},"end":{"line":31,"column":9}},"4":{"start":{"line":15,"column":45},"end":{"line":15,"column":53}},"5":{"start":{"line":18,"column":30},"end":{"line":24,"column":14}},"6":{"start":{"line":26,"column":12},"end":{"line":26,"column":35}},"7":{"start":{"line":27,"column":12},"end":{"line":27,"column":82}},"8":{"start":{"line":28,"column":12},"end":{"line":28,"column":40}},"9":{"start":{"line":30,"column":12},"end":{"line":30,"column":81}},"10":{"start":{"line":34,"column":15},"end":{"line":54,"column":5}},"11":{"start":{"line":35,"column":8},"end":{"line":53,"column":9}},"12":{"start":{"line":36,"column":27},"end":{"line":36,"column":39}},"13":{"start":{"line":38,"column":45},"end":{"line":38,"column":53}},"14":{"start":{"line":41,"column":30},"end":{"line":44,"column":13}},"15":{"start":{"line":46,"column":12},"end":{"line":48,"column":13}},"16":{"start":{"line":47,"column":16},"end":{"line":47,"column":114}},"17":{"start":{"line":49,"column":12},"end":{"line":49,"column":83}},"18":{"start":{"line":50,"column":12},"end":{"line":50,"column":88}},"19":{"start":{"line":52,"column":12},"end":{"line":52,"column":85}}},"fnMap":{"0":{"name":"(anonymous_0)","decl":{"start":{"line":13,"column":14},"end":{"line":13,"column":15}},"loc":{"start":{"line":13,"column":34},"end":{"line":32,"column":5}},"line":13},"1":{"name":"(anonymous_1)","decl":{"start":{"line":34,"column":15},"end":{"line":34,"column":16}},"loc":{"start":{"line":34,"column":35},"end":{"line":54,"column":5}},"line":34}},"branchMap":{"0":{"loc":{"start":{"line":46,"column":12},"end":{"line":48,"column":13}},"type":"if","locations":[{"start":{"line":46,"column":12},"end":{"line":48,"column":13}},{"start":{},"end":{}}],"line":46}},"s":{"0":1,"1":1,"2":1,"3":2,"4":2,"5":2,"6":2,"7":1,"8":1,"9":1,"10":1,"11":3,"12":3,"13":3,"14":3,"15":2,"16":1,"17":1,"18":1,"19":1},"f":{"0":2,"1":3},"b":{"0":[1,1]},"_coverageSchema":"1a1c01bbd47fc00a2c39e90264f33305004495a9","hash":"a75387461ca1f547d8983fad0f4d5c7def816a8e"}
,"/Users/achaladias/Documents/Uni/sse/Nodejs-Authentication/src/controllers/userController.js": {"path":"/Users/achaladias/Documents/Uni/sse/Nodejs-Authentication/src/controllers/userController.js","statementMap":{"0":{"start":{"line":7,"column":18},"end":{"line":7,"column":38}},"1":{"start":{"line":10,"column":19},"end":{"line":27,"column":5}},"2":{"start":{"line":11,"column":26},"end":{"line":11,"column":36}},"3":{"start":{"line":12,"column":8},"end":{"line":26,"column":9}},"4":{"start":{"line":13,"column":25},"end":{"line":16,"column":14}},"5":{"start":{"line":18,"column":12},"end":{"line":21,"column":13}},"6":{"start":{"line":20,"column":16},"end":{"line":20,"column":116}},"7":{"start":{"line":23,"column":12},"end":{"line":23,"column":64}},"8":{"start":{"line":25,"column":12},"end":{"line":25,"column":55}},"9":{"start":{"line":29,"column":16},"end":{"line":54,"column":5}},"10":{"start":{"line":30,"column":26},"end":{"line":30,"column":36}},"11":{"start":{"line":31,"column":32},"end":{"line":31,"column":40}},"12":{"start":{"line":32,"column":8},"end":{"line":53,"column":9}},"13":{"start":{"line":33,"column":25},"end":{"line":36,"column":14}},"14":{"start":{"line":38,"column":12},"end":{"line":41,"column":13}},"15":{"start":{"line":40,"column":16},"end":{"line":40,"column":110}},"16":{"start":{"line":43,"column":12},"end":{"line":43,"column":40}},"17":{"start":{"line":44,"column":12},"end":{"line":44,"column":48}},"18":{"start":{"line":45,"column":12},"end":{"line":45,"column":50}},"19":{"start":{"line":47,"column":12},"end":{"line":47,"column":30}},"20":{"start":{"line":48,"column":12},"end":{"line":48,"column":57}},"21":{"start":{"line":50,"column":12},"end":{"line":50,"column":55}},"22":{"start":{"line":52,"column":12},"end":{"line":52,"column":84}},"23":{"start":{"line":57,"column":12},"end":{"line":73,"column":5}},"24":{"start":{"line":58,"column":19},"end":{"line":58,"column":32}},"25":{"start":{"line":59,"column":42},"end":{"line":59,"column":50}},"26":{"start":{"line":60,"column":8},"end":{"line":72,"column":9}},"27":{"start":{"line":61,"column":25},"end":{"line":61,"column":48}},"28":{"start":{"line":62,"column":32},"end":{"line":62,"column":77}},"29":{"start":{"line":63,"column":12},"end":{"line":65,"column":13}},"30":{"start":{"line":64,"column":16},"end":{"line":64,"column":87}},"31":{"start":{"line":66,"column":31},"end":{"line":66,"column":65}},"32":{"start":{"line":67,"column":12},"end":{"line":67,"column":96}},"33":{"start":{"line":68,"column":12},"end":{"line":68,"column":62}},"34":{"start":{"line":70,"column":12},"end":{"line":70,"column":31}},"35":{"start":{"line":71,"column":12},"end":{"line":71,"column":84}},"36":{"start":{"line":75,"column":14},"end":{"line":84,"column":5}},"37":{"start":{"line":76,"column":19},"end":{"line":76,"column":32}},"38":{"start":{"line":77,"column":8},"end":{"line":83,"column":9}},"39":{"start":{"line":78,"column":25},"end":{"line":78,"column":48}},"40":{"start":{"line":79,"column":12},"end":{"line":79,"column":29}},"41":{"start":{"line":80,"column":12},"end":{"line":80,"column":75}},"42":{"start":{"line":82,"column":12},"end":{"line":82,"column":31}},"43":{"start":{"line":86,"column":17},"end":{"line":96,"column":5}},"44":{"start":{"line":87,"column":8},"end":{"line":95,"column":9}},"45":{"start":{"line":88,"column":25},"end":{"line":91,"column":13}},"46":{"start":{"line":92,"column":12},"end":{"line":92,"column":65}},"47":{"start":{"line":94,"column":12},"end":{"line":94,"column":31}},"48":{"start":{"line":98,"column":20},"end":{"line":106,"column":5}},"49":{"start":{"line":99,"column":19},"end":{"line":99,"column":32}},"50":{"start":{"line":100,"column":8},"end":{"line":105,"column":9}},"51":{"start":{"line":101,"column":25},"end":{"line":101,"column":48}},"52":{"start":{"line":102,"column":12},"end":{"line":102,"column":129}},"53":{"start":{"line":104,"column":12},"end":{"line":104,"column":31}},"54":{"start":{"line":109,"column":16},"end":{"line":142,"column":5}},"55":{"start":{"line":110,"column":8},"end":{"line":141,"column":9}},"56":{"start":{"line":112,"column":101},"end":{"line":112,"column":109}},"57":{"start":{"line":115,"column":30},"end":{"line":115,"column":82}},"58":{"start":{"line":115,"column":54},"end":{"line":115,"column":81}},"59":{"start":{"line":118,"column":30},"end":{"line":118,"column":70}},"60":{"start":{"line":118,"column":59},"end":{"line":118,"column":69}},"61":{"start":{"line":121,"column":24},"end":{"line":132,"column":14}},"62":{"start":{"line":135,"column":12},"end":{"line":135,"column":29}},"63":{"start":{"line":137,"column":12},"end":{"line":137,"column":72}},"64":{"start":{"line":139,"column":12},"end":{"line":139,"column":33}},"65":{"start":{"line":140,"column":12},"end":{"line":140,"column":68}},"66":{"start":{"line":145,"column":18},"end":{"line":160,"column":5}},"67":{"start":{"line":146,"column":8},"end":{"line":159,"column":9}},"68":{"start":{"line":147,"column":26},"end":{"line":147,"column":43}},"69":{"start":{"line":148,"column":25},"end":{"line":153,"column":14}},"70":{"start":{"line":155,"column":12},"end":{"line":155,"column":76}},"71":{"start":{"line":157,"column":12},"end":{"line":157,"column":33}},"72":{"start":{"line":158,"column":12},"end":{"line":158,"column":49}},"73":{"start":{"line":162,"column":16},"end":{"line":179,"column":5}},"74":{"start":{"line":163,"column":8},"end":{"line":178,"column":9}},"75":{"start":{"line":164,"column":26},"end":{"line":164,"column":43}},"76":{"start":{"line":165,"column":30},"end":{"line":165,"column":43}},"77":{"start":{"line":166,"column":25},"end":{"line":172,"column":38}},"78":{"start":{"line":174,"column":12},"end":{"line":174,"column":76}},"79":{"start":{"line":176,"column":12},"end":{"line":176,"column":33}},"80":{"start":{"line":177,"column":12},"end":{"line":177,"column":49}},"81":{"start":{"line":181,"column":12},"end":{"line":191,"column":5}},"82":{"start":{"line":182,"column":19},"end":{"line":182,"column":32}},"83":{"start":{"line":183,"column":8},"end":{"line":190,"column":9}},"84":{"start":{"line":184,"column":26},"end":{"line":186,"column":14}},"85":{"start":{"line":187,"column":12},"end":{"line":187,"column":86}},"86":{"start":{"line":189,"column":12},"end":{"line":189,"column":31}},"87":{"start":{"line":193,"column":14},"end":{"line":208,"column":5}},"88":{"start":{"line":194,"column":8},"end":{"line":207,"column":9}},"89":{"start":{"line":195,"column":31},"end":{"line":195,"column":39}},"90":{"start":{"line":197,"column":12},"end":{"line":197,"column":31}},"91":{"start":{"line":199,"column":12},"end":{"line":199,"column":77}},"92":{"start":{"line":200,"column":26},"end":{"line":202,"column":14}},"93":{"start":{"line":203,"column":12},"end":{"line":203,"column":30}},"94":{"start":{"line":204,"column":12},"end":{"line":204,"column":86}},"95":{"start":{"line":206,"column":12},"end":{"line":206,"column":31}}},"fnMap":{"0":{"name":"(anonymous_0)","decl":{"start":{"line":10,"column":19},"end":{"line":10,"column":20}},"loc":{"start":{"line":10,"column":39},"end":{"line":27,"column":5}},"line":10},"1":{"name":"(anonymous_1)","decl":{"start":{"line":29,"column":16},"end":{"line":29,"column":17}},"loc":{"start":{"line":29,"column":36},"end":{"line":54,"column":5}},"line":29},"2":{"name":"(anonymous_2)","decl":{"start":{"line":57,"column":12},"end":{"line":57,"column":13}},"loc":{"start":{"line":57,"column":32},"end":{"line":73,"column":5}},"line":57},"3":{"name":"(anonymous_3)","decl":{"start":{"line":75,"column":14},"end":{"line":75,"column":15}},"loc":{"start":{"line":75,"column":34},"end":{"line":84,"column":5}},"line":75},"4":{"name":"(anonymous_4)","decl":{"start":{"line":86,"column":17},"end":{"line":86,"column":18}},"loc":{"start":{"line":86,"column":37},"end":{"line":96,"column":5}},"line":86},"5":{"name":"(anonymous_5)","decl":{"start":{"line":98,"column":20},"end":{"line":98,"column":21}},"loc":{"start":{"line":98,"column":40},"end":{"line":106,"column":5}},"line":98},"6":{"name":"(anonymous_6)","decl":{"start":{"line":109,"column":16},"end":{"line":109,"column":17}},"loc":{"start":{"line":109,"column":36},"end":{"line":142,"column":5}},"line":109},"7":{"name":"(anonymous_7)","decl":{"start":{"line":115,"column":44},"end":{"line":115,"column":45}},"loc":{"start":{"line":115,"column":54},"end":{"line":115,"column":81}},"line":115},"8":{"name":"(anonymous_8)","decl":{"start":{"line":118,"column":50},"end":{"line":118,"column":51}},"loc":{"start":{"line":118,"column":59},"end":{"line":118,"column":69}},"line":118},"9":{"name":"(anonymous_9)","decl":{"start":{"line":145,"column":18},"end":{"line":145,"column":19}},"loc":{"start":{"line":145,"column":38},"end":{"line":160,"column":5}},"line":145},"10":{"name":"(anonymous_10)","decl":{"start":{"line":162,"column":16},"end":{"line":162,"column":17}},"loc":{"start":{"line":162,"column":36},"end":{"line":179,"column":5}},"line":162},"11":{"name":"(anonymous_11)","decl":{"start":{"line":181,"column":12},"end":{"line":181,"column":13}},"loc":{"start":{"line":181,"column":32},"end":{"line":191,"column":5}},"line":181},"12":{"name":"(anonymous_12)","decl":{"start":{"line":193,"column":14},"end":{"line":193,"column":15}},"loc":{"start":{"line":193,"column":34},"end":{"line":208,"column":5}},"line":193}},"branchMap":{"0":{"loc":{"start":{"line":18,"column":12},"end":{"line":21,"column":13}},"type":"if","locations":[{"start":{"line":18,"column":12},"end":{"line":21,"column":13}},{"start":{},"end":{}}],"line":18},"1":{"loc":{"start":{"line":38,"column":12},"end":{"line":41,"column":13}},"type":"if","locations":[{"start":{"line":38,"column":12},"end":{"line":41,"column":13}},{"start":{},"end":{}}],"line":38},"2":{"loc":{"start":{"line":63,"column":12},"end":{"line":65,"column":13}},"type":"if","locations":[{"start":{"line":63,"column":12},"end":{"line":65,"column":13}},{"start":{},"end":{}}],"line":63},"3":{"loc":{"start":{"line":147,"column":26},"end":{"line":147,"column":43}},"type":"binary-expr","locations":[{"start":{"line":147,"column":26},"end":{"line":147,"column":37}},{"start":{"line":147,"column":41},"end":{"line":147,"column":43}}],"line":147},"4":{"loc":{"start":{"line":164,"column":26},"end":{"line":164,"column":43}},"type":"binary-expr","locations":[{"start":{"line":164,"column":26},"end":{"line":164,"column":37}},{"start":{"line":164,"column":41},"end":{"line":164,"column":43}}],"line":164},"5":{"loc":{"start":{"line":170,"column":24},"end":{"line":170,"column":58}},"type":"cond-expr","locations":[{"start":{"line":170,"column":36},"end":{"line":170,"column":53}},{"start":{"line":170,"column":56},"end":{"line":170,"column":58}}],"line":170}},"s":{"0":1,"1":1,"2":2,"3":2,"4":2,"5":2,"6":0,"7":2,"8":0,"9":1,"10":1,"11":1,"12":1,"13":1,"14":1,"15":1,"16":0,"17":0,"18":0,"19":0,"20":0,"21":0,"22":0,"23":1,"24":0,"25":0,"26":0,"27":0,"28":0,"29":0,"30":0,"31":0,"32":0,"33":0,"34":0,"35":0,"36":1,"37":0,"38":0,"39":0,"40":0,"41":0,"42":0,"43":1,"44":1,"45":1,"46":1,"47":0,"48":1,"49":0,"50":0,"51":0,"52":0,"53":0,"54":1,"55":1,"56":1,"57":1,"58":1,"59":1,"60":2,"61":1,"62":1,"63":1,"64":0,"65":0,"66":1,"67":0,"68":0,"69":0,"70":0,"71":0,"72":0,"73":1,"74":0,"75":0,"76":0,"77":0,"78":0,"79":0,"80":0,"81":1,"82":0,"83":0,"84":0,"85":0,"86":0,"87":1,"88":0,"89":0,"90":0,"91":0,"92":0,"93":0,"94":0,"95":0},"f":{"0":2,"1":1,"2":0,"3":0,"4":1,"5":0,"6":1,"7":1,"8":2,"9":0,"10":0,"11":0,"12":0},"b":{"0":[0,2],"1":[1,0],"2":[0,0],"3":[0,0],"4":[0,0],"5":[0,0]},"_coverageSchema":"1a1c01bbd47fc00a2c39e90264f33305004495a9","hash":"846033960597563d237f4a61ca5a180e662e8dd4"}
,"/Users/achaladias/Documents/Uni/sse/Nodejs-Authentication/src/models/audit.model.js": {"path":"/Users/achaladias/Documents/Uni/sse/Nodejs-Authentication/src/models/audit.model.js","statementMap":{"0":{"start":{"line":6,"column":8},"end":{"line":15,"column":9}},"1":{"start":{"line":7,"column":24},"end":{"line":10,"column":14}},"2":{"start":{"line":11,"column":12},"end":{"line":11,"column":29}},"3":{"start":{"line":12,"column":12},"end":{"line":12,"column":24}},"4":{"start":{"line":14,"column":12},"end":{"line":14,"column":31}},"5":{"start":{"line":19,"column":8},"end":{"line":24,"column":9}},"6":{"start":{"line":20,"column":25},"end":{"line":20,"column":49}},"7":{"start":{"line":21,"column":12},"end":{"line":21,"column":24}},"8":{"start":{"line":23,"column":12},"end":{"line":23,"column":31}},"9":{"start":{"line":28,"column":8},"end":{"line":37,"column":9}},"10":{"start":{"line":29,"column":25},"end":{"line":33,"column":38}},"11":{"start":{"line":34,"column":12},"end":{"line":34,"column":24}},"12":{"start":{"line":36,"column":12},"end":{"line":36,"column":31}}},"fnMap":{"0":{"name":"(anonymous_0)","decl":{"start":{"line":5,"column":4},"end":{"line":5,"column":5}},"loc":{"start":{"line":5,"column":25},"end":{"line":16,"column":5}},"line":5},"1":{"name":"(anonymous_1)","decl":{"start":{"line":18,"column":4},"end":{"line":18,"column":5}},"loc":{"start":{"line":18,"column":17},"end":{"line":25,"column":5}},"line":18},"2":{"name":"(anonymous_2)","decl":{"start":{"line":27,"column":4},"end":{"line":27,"column":5}},"loc":{"start":{"line":27,"column":24},"end":{"line":38,"column":5}},"line":27}},"branchMap":{},"s":{"0":0,"1":0,"2":0,"3":0,"4":0,"5":0,"6":0,"7":0,"8":0,"9":0,"10":0,"11":0,"12":0},"f":{"0":0,"1":0,"2":0},"b":{},"_coverageSchema":"1a1c01bbd47fc00a2c39e90264f33305004495a9","hash":"3bb19783128ef69c4de6b4464d3059b0216facc3"}
,"/Users/achaladias/Documents/Uni/sse/Nodejs-Authentication/src/models/user.model.js": {"path":"/Users/achaladias/Documents/Uni/sse/Nodejs-Authentication/src/models/user.model.js","statementMap":{"0":{"start":{"line":6,"column":8},"end":{"line":17,"column":9}},"1":{"start":{"line":7,"column":25},"end":{"line":12,"column":14}},"2":{"start":{"line":13,"column":12},"end":{"line":13,"column":30}},"3":{"start":{"line":14,"column":12},"end":{"line":14,"column":24}},"4":{"start":{"line":16,"column":12},"end":{"line":16,"column":31}},"5":{"start":{"line":20,"column":8},"end":{"line":25,"column":9}},"6":{"start":{"line":21,"column":25},"end":{"line":21,"column":55}},"7":{"start":{"line":22,"column":12},"end":{"line":22,"column":24}},"8":{"start":{"line":24,"column":12},"end":{"line":24,"column":31}},"9":{"start":{"line":29,"column":8},"end":{"line":34,"column":9}},"10":{"start":{"line":30,"column":25},"end":{"line":30,"column":48}},"11":{"start":{"line":31,"column":12},"end":{"line":31,"column":24}},"12":{"start":{"line":33,"column":12},"end":{"line":33,"column":31}},"13":{"start":{"line":38,"column":8},"end":{"line":45,"column":9}},"14":{"start":{"line":39,"column":25},"end":{"line":39,"column":56}},"15":{"start":{"line":40,"column":12},"end":{"line":41,"column":27}},"16":{"start":{"line":41,"column":16},"end":{"line":41,"column":27}},"17":{"start":{"line":42,"column":12},"end":{"line":42,"column":24}},"18":{"start":{"line":44,"column":12},"end":{"line":44,"column":31}}},"fnMap":{"0":{"name":"(anonymous_0)","decl":{"start":{"line":5,"column":4},"end":{"line":5,"column":5}},"loc":{"start":{"line":5,"column":56},"end":{"line":18,"column":5}},"line":5},"1":{"name":"(anonymous_1)","decl":{"start":{"line":19,"column":4},"end":{"line":19,"column":5}},"loc":{"start":{"line":19,"column":24},"end":{"line":26,"column":5}},"line":19},"2":{"name":"(anonymous_2)","decl":{"start":{"line":28,"column":4},"end":{"line":28,"column":5}},"loc":{"start":{"line":28,"column":22},"end":{"line":35,"column":5}},"line":28},"3":{"name":"(anonymous_3)","decl":{"start":{"line":37,"column":4},"end":{"line":37,"column":5}},"loc":{"start":{"line":37,"column":29},"end":{"line":46,"column":5}},"line":37}},"branchMap":{"0":{"loc":{"start":{"line":5,"column":41},"end":{"line":5,"column":54}},"type":"default-arg","locations":[{"start":{"line":5,"column":49},"end":{"line":5,"column":54}}],"line":5},"1":{"loc":{"start":{"line":40,"column":12},"end":{"line":41,"column":27}},"type":"if","locations":[{"start":{"line":40,"column":12},"end":{"line":41,"column":27}},{"start":{},"end":{}}],"line":40}},"s":{"0":0,"1":0,"2":0,"3":0,"4":0,"5":0,"6":0,"7":0,"8":0,"9":0,"10":0,"11":0,"12":0,"13":0,"14":0,"15":0,"16":0,"17":0,"18":0},"f":{"0":0,"1":0,"2":0,"3":0},"b":{"0":[0],"1":[0,0]},"_coverageSchema":"1a1c01bbd47fc00a2c39e90264f33305004495a9","hash":"4693fc770451defdce1db675fe23a67c259e1472"}
}
