{"/Users/achaladias/Documents/Uni/sse/Nodejs-Authentication/config/mailer.js": {"path":"/Users/achaladias/Documents/Uni/sse/Nodejs-Authentication/config/mailer.js","statementMap":{"0":{"start":{"line":4,"column":15},"end":{"line":15,"column":1}},"1":{"start":{"line":5,"column":4},"end":{"line":14,"column":7}},"2":{"start":{"line":17,"column":17},"end":{"line":35,"column":1}},"3":{"start":{"line":18,"column":24},"end":{"line":18,"column":38}},"4":{"start":{"line":19,"column":24},"end":{"line":24,"column":5}},"5":{"start":{"line":26,"column":4},"end":{"line":34,"column":5}},"6":{"start":{"line":27,"column":8},"end":{"line":27,"column":48}},"7":{"start":{"line":28,"column":8},"end":{"line":28,"column":47}},"8":{"start":{"line":30,"column":8},"end":{"line":30,"column":57}},"9":{"start":{"line":33,"column":8},"end":{"line":33,"column":28}},"10":{"start":{"line":37,"column":16},"end":{"line":55,"column":1}},"11":{"start":{"line":38,"column":24},"end":{"line":38,"column":38}},"12":{"start":{"line":39,"column":24},"end":{"line":44,"column":5}},"13":{"start":{"line":46,"column":4},"end":{"line":54,"column":5}},"14":{"start":{"line":47,"column":8},"end":{"line":47,"column":48}},"15":{"start":{"line":48,"column":8},"end":{"line":48,"column":47}},"16":{"start":{"line":50,"column":8},"end":{"line":50,"column":57}},"17":{"start":{"line":53,"column":8},"end":{"line":53,"column":28}},"18":{"start":{"line":57,"column":23},"end":{"line":75,"column":1}},"19":{"start":{"line":58,"column":24},"end":{"line":58,"column":38}},"20":{"start":{"line":59,"column":24},"end":{"line":64,"column":5}},"21":{"start":{"line":66,"column":4},"end":{"line":74,"column":5}},"22":{"start":{"line":67,"column":8},"end":{"line":67,"column":48}},"23":{"start":{"line":68,"column":8},"end":{"line":68,"column":47}},"24":{"start":{"line":70,"column":8},"end":{"line":70,"column":57}},"25":{"start":{"line":73,"column":8},"end":{"line":73,"column":28}},"26":{"start":{"line":81,"column":22},"end":{"line":155,"column":1}},"27":{"start":{"line":158,"column":27},"end":{"line":228,"column":1}},"28":{"start":{"line":158,"column":36},"end":{"line":228,"column":1}},"29":{"start":{"line":231,"column":32},"end":{"line":311,"column":1}},"30":{"start":{"line":231,"column":47},"end":{"line":311,"column":1}}},"fnMap":{"0":{"name":"(anonymous_0)","decl":{"start":{"line":4,"column":15},"end":{"line":4,"column":16}},"loc":{"start":{"line":4,"column":27},"end":{"line":15,"column":1}},"line":4},"1":{"name":"(anonymous_1)","decl":{"start":{"line":17,"column":17},"end":{"line":17,"column":18}},"loc":{"start":{"line":17,"column":45},"end":{"line":35,"column":1}},"line":17},"2":{"name":"(anonymous_2)","decl":{"start":{"line":37,"column":16},"end":{"line":37,"column":17}},"loc":{"start":{"line":37,"column":38},"end":{"line":55,"column":1}},"line":37},"3":{"name":"(anonymous_3)","decl":{"start":{"line":57,"column":23},"end":{"line":57,"column":24}},"loc":{"start":{"line":57,"column":40},"end":{"line":75,"column":1}},"line":57},"4":{"name":"(anonymous_4)","decl":{"start":{"line":158,"column":27},"end":{"line":158,"column":28}},"loc":{"start":{"line":158,"column":36},"end":{"line":228,"column":1}},"line":158},"5":{"name":"(anonymous_5)","decl":{"start":{"line":231,"column":32},"end":{"line":231,"column":33}},"loc":{"start":{"line":231,"column":47},"end":{"line":311,"column":1}},"line":231}},"branchMap":{},"s":{"0":1,"1":0,"2":1,"3":0,"4":0,"5":0,"6":0,"7":0,"8":0,"9":0,"10":1,"11":0,"12":0,"13":0,"14":0,"15":0,"16":0,"17":0,"18":1,"19":0,"20":0,"21":0,"22":0,"23":0,"24":0,"25":0,"26":1,"27":1,"28":0,"29":1,"30":0},"f":{"0":0,"1":0,"2":0,"3":0,"4":0,"5":0},"b":{},"_coverageSchema":"1a1c01bbd47fc00a2c39e90264f33305004495a9","hash":"56c6cb043566b9308db58a4a3061353d93c4e35c"}
,"/Users/achaladias/Documents/Uni/sse/Nodejs-Authentication/src/applicationSchema.js": {"path":"/Users/achaladias/Documents/Uni/sse/Nodejs-Authentication/src/applicationSchema.js","statementMap":{"0":{"start":{"line":3,"column":26},"end":{"line":11,"column":2}}},"fnMap":{},"branchMap":{},"s":{"0":1},"f":{},"b":{},"_coverageSchema":"1a1c01bbd47fc00a2c39e90264f33305004495a9","hash":"6bbc63f18586a6bddbb7604564ae0b04545c37f7"}
,"/Users/achaladias/Documents/Uni/sse/Nodejs-Authentication/src/auditSchema.js": {"path":"/Users/achaladias/Documents/Uni/sse/Nodejs-Authentication/src/auditSchema.js","statementMap":{"0":{"start":{"line":3,"column":24},"end":{"line":7,"column":2}}},"fnMap":{},"branchMap":{},"s":{"0":2},"f":{},"b":{},"_coverageSchema":"1a1c01bbd47fc00a2c39e90264f33305004495a9","hash":"c32973f49dbd644f17342256b544864ac1a79b93"}
,"/Users/achaladias/Documents/Uni/sse/Nodejs-Authentication/src/jobSchema.js": {"path":"/Users/achaladias/Documents/Uni/sse/Nodejs-Authentication/src/jobSchema.js","statementMap":{"0":{"start":{"line":3,"column":18},"end":{"line":50,"column":2}},"1":{"start":{"line":52,"column":12},"end":{"line":52,"column":44}}},"fnMap":{},"branchMap":{},"s":{"0":2,"1":2},"f":{},"b":{},"_coverageSchema":"1a1c01bbd47fc00a2c39e90264f33305004495a9","hash":"a5457f3c90932711783147604b9d715a0d589eb7"}
,"/Users/achaladias/Documents/Uni/sse/Nodejs-Authentication/src/timesheetSchema.js": {"path":"/Users/achaladias/Documents/Uni/sse/Nodejs-Authentication/src/timesheetSchema.js","statementMap":{"0":{"start":{"line":3,"column":24},"end":{"line":11,"column":2}}},"fnMap":{},"branchMap":{},"s":{"0":1},"f":{},"b":{},"_coverageSchema":"1a1c01bbd47fc00a2c39e90264f33305004495a9","hash":"e6d47e930fd5aa09bed2b7a94f057b6281b1dda2"}
,"/Users/achaladias/Documents/Uni/sse/Nodejs-Authentication/src/userSchema.js": {"path":"/Users/achaladias/Documents/Uni/sse/Nodejs-Authentication/src/userSchema.js","statementMap":{"0":{"start":{"line":4,"column":19},"end":{"line":51,"column":25}},"1":{"start":{"line":54,"column":0},"end":{"line":66,"column":3}},"2":{"start":{"line":55,"column":4},"end":{"line":65,"column":5}},"3":{"start":{"line":56,"column":21},"end":{"line":56,"column":25}},"4":{"start":{"line":57,"column":8},"end":{"line":59,"column":9}},"5":{"start":{"line":58,"column":12},"end":{"line":58,"column":26}},"6":{"start":{"line":60,"column":31},"end":{"line":60,"column":67}},"7":{"start":{"line":61,"column":8},"end":{"line":61,"column":39}},"8":{"start":{"line":62,"column":8},"end":{"line":62,"column":15}},"9":{"start":{"line":64,"column":8},"end":{"line":64,"column":27}},"10":{"start":{"line":68,"column":13},"end":{"line":68,"column":47}}},"fnMap":{"0":{"name":"(anonymous_0)","decl":{"start":{"line":54,"column":23},"end":{"line":54,"column":24}},"loc":{"start":{"line":54,"column":45},"end":{"line":66,"column":1}},"line":54}},"branchMap":{"0":{"loc":{"start":{"line":57,"column":8},"end":{"line":59,"column":9}},"type":"if","locations":[{"start":{"line":57,"column":8},"end":{"line":59,"column":9}},{"start":{},"end":{}}],"line":57}},"s":{"0":2,"1":2,"2":0,"3":0,"4":0,"5":0,"6":0,"7":0,"8":0,"9":0,"10":2},"f":{"0":0},"b":{"0":[0,0]},"_coverageSchema":"1a1c01bbd47fc00a2c39e90264f33305004495a9","hash":"7c3ca65be8444fceed910d5c34790414d09488fb"}
,"/Users/achaladias/Documents/Uni/sse/Nodejs-Authentication/src/controllers/timesheetController.js": {"path":"/Users/achaladias/Documents/Uni/sse/Nodejs-Authentication/src/controllers/timesheetController.js","statementMap":{"0":{"start":{"line":9,"column":18},"end":{"line":9,"column":38}},"1":{"start":{"line":10,"column":18},"end":{"line":10,"column":33}},"2":{"start":{"line":13,"column":14},"end":{"line":32,"column":5}},"3":{"start":{"line":14,"column":8},"end":{"line":31,"column":9}},"4":{"start":{"line":15,"column":45},"end":{"line":15,"column":53}},"5":{"start":{"line":18,"column":30},"end":{"line":24,"column":14}},"6":{"start":{"line":26,"column":12},"end":{"line":26,"column":35}},"7":{"start":{"line":27,"column":12},"end":{"line":27,"column":82}},"8":{"start":{"line":28,"column":12},"end":{"line":28,"column":40}},"9":{"start":{"line":30,"column":12},"end":{"line":30,"column":81}},"10":{"start":{"line":34,"column":15},"end":{"line":54,"column":5}},"11":{"start":{"line":35,"column":8},"end":{"line":53,"column":9}},"12":{"start":{"line":36,"column":27},"end":{"line":36,"column":39}},"13":{"start":{"line":38,"column":45},"end":{"line":38,"column":53}},"14":{"start":{"line":41,"column":30},"end":{"line":44,"column":13}},"15":{"start":{"line":46,"column":12},"end":{"line":48,"column":13}},"16":{"start":{"line":47,"column":16},"end":{"line":47,"column":114}},"17":{"start":{"line":49,"column":12},"end":{"line":49,"column":83}},"18":{"start":{"line":50,"column":12},"end":{"line":50,"column":88}},"19":{"start":{"line":52,"column":12},"end":{"line":52,"column":85}}},"fnMap":{"0":{"name":"(anonymous_0)","decl":{"start":{"line":13,"column":14},"end":{"line":13,"column":15}},"loc":{"start":{"line":13,"column":34},"end":{"line":32,"column":5}},"line":13},"1":{"name":"(anonymous_1)","decl":{"start":{"line":34,"column":15},"end":{"line":34,"column":16}},"loc":{"start":{"line":34,"column":35},"end":{"line":54,"column":5}},"line":34}},"branchMap":{"0":{"loc":{"start":{"line":46,"column":12},"end":{"line":48,"column":13}},"type":"if","locations":[{"start":{"line":46,"column":12},"end":{"line":48,"column":13}},{"start":{},"end":{}}],"line":46}},"s":{"0":1,"1":1,"2":1,"3":2,"4":2,"5":2,"6":2,"7":1,"8":1,"9":1,"10":1,"11":3,"12":3,"13":3,"14":3,"15":2,"16":1,"17":1,"18":1,"19":1},"f":{"0":2,"1":3},"b":{"0":[1,1]},"_coverageSchema":"1a1c01bbd47fc00a2c39e90264f33305004495a9","hash":"a75387461ca1f547d8983fad0f4d5c7def816a8e"}
,"/Users/achaladias/Documents/Uni/sse/Nodejs-Authentication/src/controllers/userController.js": {"path":"/Users/achaladias/Documents/Uni/sse/Nodejs-Authentication/src/controllers/userController.js","statementMap":{"0":{"start":{"line":7,"column":18},"end":{"line":7,"column":38}},"1":{"start":{"line":10,"column":19},"end":{"line":27,"column":5}},"2":{"start":{"line":11,"column":26},"end":{"line":11,"column":36}},"3":{"start":{"line":12,"column":8},"end":{"line":26,"column":9}},"4":{"start":{"line":13,"column":25},"end":{"line":16,"column":14}},"5":{"start":{"line":18,"column":12},"end":{"line":21,"column":13}},"6":{"start":{"line":20,"column":16},"end":{"line":20,"column":116}},"7":{"start":{"line":23,"column":12},"end":{"line":23,"column":64}},"8":{"start":{"line":25,"column":12},"end":{"line":25,"column":55}},"9":{"start":{"line":29,"column":16},"end":{"line":54,"column":5}},"10":{"start":{"line":30,"column":26},"end":{"line":30,"column":36}},"11":{"start":{"line":31,"column":32},"end":{"line":31,"column":40}},"12":{"start":{"line":32,"column":8},"end":{"line":53,"column":9}},"13":{"start":{"line":33,"column":25},"end":{"line":36,"column":14}},"14":{"start":{"line":38,"column":12},"end":{"line":41,"column":13}},"15":{"start":{"line":40,"column":16},"end":{"line":40,"column":110}},"16":{"start":{"line":43,"column":12},"end":{"line":43,"column":40}},"17":{"start":{"line":44,"column":12},"end":{"line":44,"column":48}},"18":{"start":{"line":45,"column":12},"end":{"line":45,"column":50}},"19":{"start":{"line":47,"column":12},"end":{"line":47,"column":30}},"20":{"start":{"line":48,"column":12},"end":{"line":48,"column":57}},"21":{"start":{"line":50,"column":12},"end":{"line":50,"column":55}},"22":{"start":{"line":52,"column":12},"end":{"line":52,"column":84}},"23":{"start":{"line":57,"column":12},"end":{"line":73,"column":5}},"24":{"start":{"line":58,"column":19},"end":{"line":58,"column":32}},"25":{"start":{"line":59,"column":42},"end":{"line":59,"column":50}},"26":{"start":{"line":60,"column":8},"end":{"line":72,"column":9}},"27":{"start":{"line":61,"column":25},"end":{"line":61,"column":48}},"28":{"start":{"line":62,"column":32},"end":{"line":62,"column":77}},"29":{"start":{"line":63,"column":12},"end":{"line":65,"column":13}},"30":{"start":{"line":64,"column":16},"end":{"line":64,"column":87}},"31":{"start":{"line":66,"column":31},"end":{"line":66,"column":65}},"32":{"start":{"line":67,"column":12},"end":{"line":67,"column":96}},"33":{"start":{"line":68,"column":12},"end":{"line":68,"column":62}},"34":{"start":{"line":70,"column":12},"end":{"line":70,"column":31}},"35":{"start":{"line":71,"column":12},"end":{"line":71,"column":84}},"36":{"start":{"line":75,"column":14},"end":{"line":84,"column":5}},"37":{"start":{"line":76,"column":19},"end":{"line":76,"column":32}},"38":{"start":{"line":77,"column":8},"end":{"line":83,"column":9}},"39":{"start":{"line":78,"column":25},"end":{"line":78,"column":48}},"40":{"start":{"line":79,"column":12},"end":{"line":79,"column":29}},"41":{"start":{"line":80,"column":12},"end":{"line":80,"column":75}},"42":{"start":{"line":82,"column":12},"end":{"line":82,"column":31}},"43":{"start":{"line":86,"column":17},"end":{"line":96,"column":5}},"44":{"start":{"line":87,"column":8},"end":{"line":95,"column":9}},"45":{"start":{"line":88,"column":25},"end":{"line":91,"column":13}},"46":{"start":{"line":92,"column":12},"end":{"line":92,"column":65}},"47":{"start":{"line":94,"column":12},"end":{"line":94,"column":31}},"48":{"start":{"line":98,"column":20},"end":{"line":106,"column":5}},"49":{"start":{"line":99,"column":19},"end":{"line":99,"column":32}},"50":{"start":{"line":100,"column":8},"end":{"line":105,"column":9}},"51":{"start":{"line":101,"column":25},"end":{"line":101,"column":48}},"52":{"start":{"line":102,"column":12},"end":{"line":102,"column":129}},"53":{"start":{"line":104,"column":12},"end":{"line":104,"column":31}},"54":{"start":{"line":109,"column":16},"end":{"line":142,"column":5}},"55":{"start":{"line":110,"column":8},"end":{"line":141,"column":9}},"56":{"start":{"line":112,"column":101},"end":{"line":112,"column":109}},"57":{"start":{"line":115,"column":30},"end":{"line":115,"column":82}},"58":{"start":{"line":115,"column":54},"end":{"line":115,"column":81}},"59":{"start":{"line":118,"column":30},"end":{"line":118,"column":70}},"60":{"start":{"line":118,"column":59},"end":{"line":118,"column":69}},"61":{"start":{"line":121,"column":24},"end":{"line":132,"column":14}},"62":{"start":{"line":135,"column":12},"end":{"line":135,"column":29}},"63":{"start":{"line":137,"column":12},"end":{"line":137,"column":72}},"64":{"start":{"line":139,"column":12},"end":{"line":139,"column":33}},"65":{"start":{"line":140,"column":12},"end":{"line":140,"column":68}},"66":{"start":{"line":145,"column":18},"end":{"line":160,"column":5}},"67":{"start":{"line":146,"column":8},"end":{"line":159,"column":9}},"68":{"start":{"line":147,"column":26},"end":{"line":147,"column":43}},"69":{"start":{"line":148,"column":25},"end":{"line":153,"column":14}},"70":{"start":{"line":155,"column":12},"end":{"line":155,"column":76}},"71":{"start":{"line":157,"column":12},"end":{"line":157,"column":33}},"72":{"start":{"line":158,"column":12},"end":{"line":158,"column":49}},"73":{"start":{"line":162,"column":16},"end":{"line":179,"column":5}},"74":{"start":{"line":163,"column":8},"end":{"line":178,"column":9}},"75":{"start":{"line":164,"column":26},"end":{"line":164,"column":43}},"76":{"start":{"line":165,"column":30},"end":{"line":165,"column":43}},"77":{"start":{"line":166,"column":25},"end":{"line":172,"column":38}},"78":{"start":{"line":174,"column":12},"end":{"line":174,"column":76}},"79":{"start":{"line":176,"column":12},"end":{"line":176,"column":33}},"80":{"start":{"line":177,"column":12},"end":{"line":177,"column":49}},"81":{"start":{"line":181,"column":12},"end":{"line":191,"column":5}},"82":{"start":{"line":182,"column":19},"end":{"line":182,"column":32}},"83":{"start":{"line":183,"column":8},"end":{"line":190,"column":9}},"84":{"start":{"line":184,"column":26},"end":{"line":186,"column":14}},"85":{"start":{"line":187,"column":12},"end":{"line":187,"column":86}},"86":{"start":{"line":189,"column":12},"end":{"line":189,"column":31}},"87":{"start":{"line":193,"column":14},"end":{"line":208,"column":5}},"88":{"start":{"line":194,"column":8},"end":{"line":207,"column":9}},"89":{"start":{"line":195,"column":31},"end":{"line":195,"column":39}},"90":{"start":{"line":197,"column":12},"end":{"line":197,"column":31}},"91":{"start":{"line":199,"column":12},"end":{"line":199,"column":77}},"92":{"start":{"line":200,"column":26},"end":{"line":202,"column":14}},"93":{"start":{"line":203,"column":12},"end":{"line":203,"column":30}},"94":{"start":{"line":204,"column":12},"end":{"line":204,"column":86}},"95":{"start":{"line":206,"column":12},"end":{"line":206,"column":31}}},"fnMap":{"0":{"name":"(anonymous_0)","decl":{"start":{"line":10,"column":19},"end":{"line":10,"column":20}},"loc":{"start":{"line":10,"column":39},"end":{"line":27,"column":5}},"line":10},"1":{"name":"(anonymous_1)","decl":{"start":{"line":29,"column":16},"end":{"line":29,"column":17}},"loc":{"start":{"line":29,"column":36},"end":{"line":54,"column":5}},"line":29},"2":{"name":"(anonymous_2)","decl":{"start":{"line":57,"column":12},"end":{"line":57,"column":13}},"loc":{"start":{"line":57,"column":32},"end":{"line":73,"column":5}},"line":57},"3":{"name":"(anonymous_3)","decl":{"start":{"line":75,"column":14},"end":{"line":75,"column":15}},"loc":{"start":{"line":75,"column":34},"end":{"line":84,"column":5}},"line":75},"4":{"name":"(anonymous_4)","decl":{"start":{"line":86,"column":17},"end":{"line":86,"column":18}},"loc":{"start":{"line":86,"column":37},"end":{"line":96,"column":5}},"line":86},"5":{"name":"(anonymous_5)","decl":{"start":{"line":98,"column":20},"end":{"line":98,"column":21}},"loc":{"start":{"line":98,"column":40},"end":{"line":106,"column":5}},"line":98},"6":{"name":"(anonymous_6)","decl":{"start":{"line":109,"column":16},"end":{"line":109,"column":17}},"loc":{"start":{"line":109,"column":36},"end":{"line":142,"column":5}},"line":109},"7":{"name":"(anonymous_7)","decl":{"start":{"line":115,"column":44},"end":{"line":115,"column":45}},"loc":{"start":{"line":115,"column":54},"end":{"line":115,"column":81}},"line":115},"8":{"name":"(anonymous_8)","decl":{"start":{"line":118,"column":50},"end":{"line":118,"column":51}},"loc":{"start":{"line":118,"column":59},"end":{"line":118,"column":69}},"line":118},"9":{"name":"(anonymous_9)","decl":{"start":{"line":145,"column":18},"end":{"line":145,"column":19}},"loc":{"start":{"line":145,"column":38},"end":{"line":160,"column":5}},"line":145},"10":{"name":"(anonymous_10)","decl":{"start":{"line":162,"column":16},"end":{"line":162,"column":17}},"loc":{"start":{"line":162,"column":36},"end":{"line":179,"column":5}},"line":162},"11":{"name":"(anonymous_11)","decl":{"start":{"line":181,"column":12},"end":{"line":181,"column":13}},"loc":{"start":{"line":181,"column":32},"end":{"line":191,"column":5}},"line":181},"12":{"name":"(anonymous_12)","decl":{"start":{"line":193,"column":14},"end":{"line":193,"column":15}},"loc":{"start":{"line":193,"column":34},"end":{"line":208,"column":5}},"line":193}},"branchMap":{"0":{"loc":{"start":{"line":18,"column":12},"end":{"line":21,"column":13}},"type":"if","locations":[{"start":{"line":18,"column":12},"end":{"line":21,"column":13}},{"start":{},"end":{}}],"line":18},"1":{"loc":{"start":{"line":38,"column":12},"end":{"line":41,"column":13}},"type":"if","locations":[{"start":{"line":38,"column":12},"end":{"line":41,"column":13}},{"start":{},"end":{}}],"line":38},"2":{"loc":{"start":{"line":63,"column":12},"end":{"line":65,"column":13}},"type":"if","locations":[{"start":{"line":63,"column":12},"end":{"line":65,"column":13}},{"start":{},"end":{}}],"line":63},"3":{"loc":{"start":{"line":147,"column":26},"end":{"line":147,"column":43}},"type":"binary-expr","locations":[{"start":{"line":147,"column":26},"end":{"line":147,"column":37}},{"start":{"line":147,"column":41},"end":{"line":147,"column":43}}],"line":147},"4":{"loc":{"start":{"line":164,"column":26},"end":{"line":164,"column":43}},"type":"binary-expr","locations":[{"start":{"line":164,"column":26},"end":{"line":164,"column":37}},{"start":{"line":164,"column":41},"end":{"line":164,"column":43}}],"line":164},"5":{"loc":{"start":{"line":170,"column":24},"end":{"line":170,"column":58}},"type":"cond-expr","locations":[{"start":{"line":170,"column":36},"end":{"line":170,"column":53}},{"start":{"line":170,"column":56},"end":{"line":170,"column":58}}],"line":170}},"s":{"0":1,"1":1,"2":2,"3":2,"4":2,"5":2,"6":0,"7":2,"8":0,"9":1,"10":1,"11":1,"12":1,"13":1,"14":1,"15":1,"16":0,"17":0,"18":0,"19":0,"20":0,"21":0,"22":0,"23":1,"24":0,"25":0,"26":0,"27":0,"28":0,"29":0,"30":0,"31":0,"32":0,"33":0,"34":0,"35":0,"36":1,"37":0,"38":0,"39":0,"40":0,"41":0,"42":0,"43":1,"44":1,"45":1,"46":1,"47":0,"48":1,"49":0,"50":0,"51":0,"52":0,"53":0,"54":1,"55":1,"56":1,"57":1,"58":1,"59":1,"60":2,"61":1,"62":1,"63":1,"64":0,"65":0,"66":1,"67":0,"68":0,"69":0,"70":0,"71":0,"72":0,"73":1,"74":0,"75":0,"76":0,"77":0,"78":0,"79":0,"80":0,"81":1,"82":0,"83":0,"84":0,"85":0,"86":0,"87":1,"88":0,"89":0,"90":0,"91":0,"92":0,"93":0,"94":0,"95":0},"f":{"0":2,"1":1,"2":0,"3":0,"4":1,"5":0,"6":1,"7":1,"8":2,"9":0,"10":0,"11":0,"12":0},"b":{"0":[0,2],"1":[1,0],"2":[0,0],"3":[0,0],"4":[0,0],"5":[0,0]},"_coverageSchema":"1a1c01bbd47fc00a2c39e90264f33305004495a9","hash":"846033960597563d237f4a61ca5a180e662e8dd4"}
,"/Users/achaladias/Documents/Uni/sse/Nodejs-Authentication/src/models/audit.model.js": {"path":"/Users/achaladias/Documents/Uni/sse/Nodejs-Authentication/src/models/audit.model.js","statementMap":{"0":{"start":{"line":6,"column":8},"end":{"line":15,"column":9}},"1":{"start":{"line":7,"column":24},"end":{"line":10,"column":14}},"2":{"start":{"line":11,"column":12},"end":{"line":11,"column":29}},"3":{"start":{"line":12,"column":12},"end":{"line":12,"column":24}},"4":{"start":{"line":14,"column":12},"end":{"line":14,"column":31}},"5":{"start":{"line":19,"column":8},"end":{"line":24,"column":9}},"6":{"start":{"line":20,"column":25},"end":{"line":20,"column":49}},"7":{"start":{"line":21,"column":12},"end":{"line":21,"column":24}},"8":{"start":{"line":23,"column":12},"end":{"line":23,"column":31}},"9":{"start":{"line":28,"column":8},"end":{"line":37,"column":9}},"10":{"start":{"line":29,"column":25},"end":{"line":33,"column":38}},"11":{"start":{"line":34,"column":12},"end":{"line":34,"column":24}},"12":{"start":{"line":36,"column":12},"end":{"line":36,"column":31}}},"fnMap":{"0":{"name":"(anonymous_0)","decl":{"start":{"line":5,"column":4},"end":{"line":5,"column":5}},"loc":{"start":{"line":5,"column":25},"end":{"line":16,"column":5}},"line":5},"1":{"name":"(anonymous_1)","decl":{"start":{"line":18,"column":4},"end":{"line":18,"column":5}},"loc":{"start":{"line":18,"column":17},"end":{"line":25,"column":5}},"line":18},"2":{"name":"(anonymous_2)","decl":{"start":{"line":27,"column":4},"end":{"line":27,"column":5}},"loc":{"start":{"line":27,"column":24},"end":{"line":38,"column":5}},"line":27}},"branchMap":{},"s":{"0":0,"1":0,"2":0,"3":0,"4":0,"5":0,"6":0,"7":0,"8":0,"9":0,"10":0,"11":0,"12":0},"f":{"0":0,"1":0,"2":0},"b":{},"_coverageSchema":"1a1c01bbd47fc00a2c39e90264f33305004495a9","hash":"3bb19783128ef69c4de6b4464d3059b0216facc3"}
,"/Users/achaladias/Documents/Uni/sse/Nodejs-Authentication/src/models/user.model.js": {"path":"/Users/achaladias/Documents/Uni/sse/Nodejs-Authentication/src/models/user.model.js","statementMap":{"0":{"start":{"line":6,"column":8},"end":{"line":17,"column":9}},"1":{"start":{"line":7,"column":25},"end":{"line":12,"column":14}},"2":{"start":{"line":13,"column":12},"end":{"line":13,"column":30}},"3":{"start":{"line":14,"column":12},"end":{"line":14,"column":24}},"4":{"start":{"line":16,"column":12},"end":{"line":16,"column":31}},"5":{"start":{"line":20,"column":8},"end":{"line":25,"column":9}},"6":{"start":{"line":21,"column":25},"end":{"line":21,"column":55}},"7":{"start":{"line":22,"column":12},"end":{"line":22,"column":24}},"8":{"start":{"line":24,"column":12},"end":{"line":24,"column":31}},"9":{"start":{"line":29,"column":8},"end":{"line":34,"column":9}},"10":{"start":{"line":30,"column":25},"end":{"line":30,"column":48}},"11":{"start":{"line":31,"column":12},"end":{"line":31,"column":24}},"12":{"start":{"line":33,"column":12},"end":{"line":33,"column":31}},"13":{"start":{"line":38,"column":8},"end":{"line":45,"column":9}},"14":{"start":{"line":39,"column":25},"end":{"line":39,"column":48}},"15":{"start":{"line":40,"column":12},"end":{"line":41,"column":27}},"16":{"start":{"line":41,"column":16},"end":{"line":41,"column":27}},"17":{"start":{"line":42,"column":12},"end":{"line":42,"column":24}},"18":{"start":{"line":44,"column":12},"end":{"line":44,"column":31}}},"fnMap":{"0":{"name":"(anonymous_0)","decl":{"start":{"line":5,"column":4},"end":{"line":5,"column":5}},"loc":{"start":{"line":5,"column":56},"end":{"line":18,"column":5}},"line":5},"1":{"name":"(anonymous_1)","decl":{"start":{"line":19,"column":4},"end":{"line":19,"column":5}},"loc":{"start":{"line":19,"column":24},"end":{"line":26,"column":5}},"line":19},"2":{"name":"(anonymous_2)","decl":{"start":{"line":28,"column":4},"end":{"line":28,"column":5}},"loc":{"start":{"line":28,"column":22},"end":{"line":35,"column":5}},"line":28},"3":{"name":"(anonymous_3)","decl":{"start":{"line":37,"column":4},"end":{"line":37,"column":5}},"loc":{"start":{"line":37,"column":29},"end":{"line":46,"column":5}},"line":37}},"branchMap":{"0":{"loc":{"start":{"line":5,"column":41},"end":{"line":5,"column":54}},"type":"default-arg","locations":[{"start":{"line":5,"column":49},"end":{"line":5,"column":54}}],"line":5},"1":{"loc":{"start":{"line":40,"column":12},"end":{"line":41,"column":27}},"type":"if","locations":[{"start":{"line":40,"column":12},"end":{"line":41,"column":27}},{"start":{},"end":{}}],"line":40}},"s":{"0":0,"1":0,"2":0,"3":0,"4":0,"5":0,"6":0,"7":0,"8":0,"9":0,"10":0,"11":0,"12":0,"13":0,"14":0,"15":0,"16":0,"17":0,"18":0},"f":{"0":0,"1":0,"2":0,"3":0},"b":{"0":[0],"1":[0,0]},"_coverageSchema":"1a1c01bbd47fc00a2c39e90264f33305004495a9","hash":"d317a33911c44aa6a0e310ea3ae66237be89cc48"}
}
