TN:
SF:config/mailer.js
FN:4,(anonymous_0)
FN:17,(anonymous_1)
FN:37,(anonymous_2)
FN:57,(anonymous_3)
FN:158,(anonymous_4)
FN:231,(anonymous_5)
FNF:6
FNH:0
FNDA:0,(anonymous_0)
FNDA:0,(anonymous_1)
FNDA:0,(anonymous_2)
FNDA:0,(anonymous_3)
FNDA:0,(anonymous_4)
FNDA:0,(anonymous_5)
DA:4,1
DA:5,0
DA:17,1
DA:18,0
DA:19,0
DA:26,0
DA:27,0
DA:28,0
DA:30,0
DA:33,0
DA:37,1
DA:38,0
DA:39,0
DA:46,0
DA:47,0
DA:48,0
DA:50,0
DA:53,0
DA:57,1
DA:58,0
DA:59,0
DA:66,0
DA:67,0
DA:68,0
DA:70,0
DA:73,0
DA:81,1
DA:158,1
DA:231,1
LF:29
LH:7
BRF:0
BRH:0
end_of_record
TN:
SF:src/applicationSchema.js
FNF:0
FNH:0
DA:3,1
LF:1
LH:1
BRF:0
BRH:0
end_of_record
TN:
SF:src/auditSchema.js
FNF:0
FNH:0
DA:3,2
LF:1
LH:1
BRF:0
BRH:0
end_of_record
TN:
SF:src/jobSchema.js
FNF:0
FNH:0
DA:3,2
DA:52,2
LF:2
LH:2
BRF:0
BRH:0
end_of_record
TN:
SF:src/timesheetSchema.js
FNF:0
FNH:0
DA:3,1
LF:1
LH:1
BRF:0
BRH:0
end_of_record
TN:
SF:src/userSchema.js
FN:54,(anonymous_0)
FNF:1
FNH:0
FNDA:0,(anonymous_0)
DA:4,2
DA:54,2
DA:55,0
DA:56,0
DA:57,0
DA:58,0
DA:60,0
DA:61,0
DA:62,0
DA:64,0
DA:68,2
LF:11
LH:3
BRDA:57,0,0,0
BRDA:57,0,1,0
BRF:2
BRH:0
end_of_record
TN:
SF:src/controllers/timesheetController.js
FN:13,(anonymous_0)
FN:34,(anonymous_1)
FNF:2
FNH:2
FNDA:2,(anonymous_0)
FNDA:3,(anonymous_1)
DA:9,1
DA:10,1
DA:13,1
DA:14,2
DA:15,2
DA:18,2
DA:26,2
DA:27,1
DA:28,1
DA:30,1
DA:34,1
DA:35,3
DA:36,3
DA:38,3
DA:41,3
DA:46,2
DA:47,1
DA:49,1
DA:50,1
DA:52,1
LF:20
LH:20
BRDA:46,0,0,1
BRDA:46,0,1,1
BRF:2
BRH:2
end_of_record
TN:
SF:src/controllers/userController.js
FN:10,(anonymous_0)
FN:29,(anonymous_1)
FN:57,(anonymous_2)
FN:75,(anonymous_3)
FN:86,(anonymous_4)
FN:98,(anonymous_5)
FN:109,(anonymous_6)
FN:115,(anonymous_7)
FN:118,(anonymous_8)
FN:145,(anonymous_9)
FN:162,(anonymous_10)
FN:181,(anonymous_11)
FN:193,(anonymous_12)
FNF:13
FNH:6
FNDA:2,(anonymous_0)
FNDA:1,(anonymous_1)
FNDA:0,(anonymous_2)
FNDA:0,(anonymous_3)
FNDA:1,(anonymous_4)
FNDA:0,(anonymous_5)
FNDA:1,(anonymous_6)
FNDA:1,(anonymous_7)
FNDA:2,(anonymous_8)
FNDA:0,(anonymous_9)
FNDA:0,(anonymous_10)
FNDA:0,(anonymous_11)
FNDA:0,(anonymous_12)
DA:7,1
DA:10,1
DA:11,2
DA:12,2
DA:13,2
DA:18,2
DA:20,0
DA:23,2
DA:25,0
DA:29,1
DA:30,1
DA:31,1
DA:32,1
DA:33,1
DA:38,1
DA:40,1
DA:43,0
DA:44,0
DA:45,0
DA:47,0
DA:48,0
DA:50,0
DA:52,0
DA:57,1
DA:58,0
DA:59,0
DA:60,0
DA:61,0
DA:62,0
DA:63,0
DA:64,0
DA:66,0
DA:67,0
DA:68,0
DA:70,0
DA:71,0
DA:75,1
DA:76,0
DA:77,0
DA:78,0
DA:79,0
DA:80,0
DA:82,0
DA:86,1
DA:87,1
DA:88,1
DA:92,1
DA:94,0
DA:98,1
DA:99,0
DA:100,0
DA:101,0
DA:102,0
DA:104,0
DA:109,1
DA:110,1
DA:112,1
DA:115,1
DA:118,2
DA:121,1
DA:135,1
DA:137,1
DA:139,0
DA:140,0
DA:145,1
DA:146,0
DA:147,0
DA:148,0
DA:155,0
DA:157,0
DA:158,0
DA:162,1
DA:163,0
DA:164,0
DA:165,0
DA:166,0
DA:174,0
DA:176,0
DA:177,0
DA:181,1
DA:182,0
DA:183,0
DA:184,0
DA:187,0
DA:189,0
DA:193,1
DA:194,0
DA:195,0
DA:197,0
DA:199,0
DA:200,0
DA:203,0
DA:204,0
DA:206,0
LF:94
LH:33
BRDA:18,0,0,0
BRDA:18,0,1,2
BRDA:38,1,0,1
BRDA:38,1,1,0
BRDA:63,2,0,0
BRDA:63,2,1,0
BRDA:147,3,0,0
BRDA:147,3,1,0
BRDA:164,4,0,0
BRDA:164,4,1,0
BRDA:170,5,0,0
BRDA:170,5,1,0
BRF:12
BRH:2
end_of_record
TN:
SF:src/models/audit.model.js
FN:5,(anonymous_0)
FN:18,(anonymous_1)
FN:27,(anonymous_2)
FNF:3
FNH:0
FNDA:0,(anonymous_0)
FNDA:0,(anonymous_1)
FNDA:0,(anonymous_2)
DA:6,0
DA:7,0
DA:11,0
DA:12,0
DA:14,0
DA:19,0
DA:20,0
DA:21,0
DA:23,0
DA:28,0
DA:29,0
DA:34,0
DA:36,0
LF:13
LH:0
BRF:0
BRH:0
end_of_record
TN:
SF:src/models/user.model.js
FN:5,(anonymous_0)
FN:19,(anonymous_1)
FN:28,(anonymous_2)
FN:37,(anonymous_3)
FNF:4
FNH:0
FNDA:0,(anonymous_0)
FNDA:0,(anonymous_1)
FNDA:0,(anonymous_2)
FNDA:0,(anonymous_3)
DA:6,0
DA:7,0
DA:13,0
DA:14,0
DA:16,0
DA:20,0
DA:21,0
DA:22,0
DA:24,0
DA:29,0
DA:30,0
DA:31,0
DA:33,0
DA:38,0
DA:39,0
DA:40,0
DA:41,0
DA:42,0
DA:44,0
LF:19
LH:0
BRDA:5,0,0,0
BRDA:40,1,0,0
BRDA:40,1,1,0
BRF:3
BRH:0
end_of_record
